T48C0 000:000.641   SEGGER J-Link V7.96j Log File
T48C0 000:000.884   DLL Compiled: May 29 2024 15:36:36
T48C0 000:000.891   Logging started @ 2024-10-18 07:00
T48C0 000:000.898   Process: C:\Users\emil\.eclipse\com.renesas.platform_1731436733\DebugComp\RA\e2-server-gdb.exe
T48C0 000:000.907 - 0.905ms
T48C0 000:000.922 JLINK_GetDLLVersion()
T48C0 000:000.930 - 0.008ms returns 79610
T48C0 000:003.843 JLINK_OpenEx(...)
T48C0 000:011.335   Firmware: J-Link OB-S124 compiled Apr 23 2024 10:48:24
T48C0 000:013.173   Firmware: J-Link OB-S124 compiled Apr 23 2024 10:48:24
T48C0 000:039.592   Hardware: V1.00
T48C0 000:039.675   S/N: 831496243
T48C0 000:039.718   OEM: SEGGER
T48C0 000:039.786   Feature(s): None
T48C0 000:042.047   Bootloader: 2019 Oct 15
T48C0 000:043.721   USB speed mode: Full speed (12 MBit/s)
T48C0 000:044.851   TELNET listener socket opened on port 19021
T48C0 000:045.160   WEBSRV WEBSRV_Init(): Starting webserver thread(s)
T48C0 000:045.403   WEBSRV Webserver running on local port 19080
T48C0 000:045.617   Looking for J-Link GUI Server exe at: C:\Users\emil\.eclipse\com.renesas.platform_1731436733\DebugComp\RA\ARM\Segger_v7.96.10\JLinkGUIServer.exe
T48C0 000:045.805   Looking for J-Link GUI Server exe at: C:\Program Files\SEGGER\JLink_V794e\JLinkGUIServer.exe
T48C0 000:045.890   Forking J-Link GUI Server: C:\Program Files\SEGGER\JLink_V794e\JLinkGUIServer.exe
T48C0 000:079.900   J-Link GUI Server info: "J-Link GUI server V7.94e "
T48C0 000:086.705 - 82.857ms returns "O.K."
T48C0 000:086.885 JLINK_ExecCommand("ProjectFile=C:\Users\emil\e2_studio\test_workspace\bleuio_ra4m2_rrh47000_example\bleuio_ra4m2_rrh47000_example/bleuio_ra4m2_rrh47000_example Debug.jlink", ...). 
T48C0 000:108.349 - 21.481ms returns 0x00
T48C0 000:108.749 JLINK_ExecCommand("device=R7FA4M2AD", ...). 
T48C0 000:109.736   Flash bank @ 0x0100A100: SFL: Parsing sectorization info from ELF file
T48C0 000:109.753     FlashDevice.SectorInfo[0]: .SectorSize = 0x00000010, .SectorStartAddr = 0x00000000
T48C0 000:109.765   FlashBank @0x0100A100: Sectorization info from SFL ELF file ignored because sectorization override from DLL / XML file is active.
T48C0 000:110.048   Flash bank @ 0x60000000: SFL: Parsing sectorization info from ELF file
T48C0 000:110.061     FlashDevice.SectorInfo[0]: .SectorSize = 0x00010000, .SectorStartAddr = 0x00000000
T48C0 000:113.160   Device "R7FA4M2AD" selected.
T48C0 000:113.455 - 4.689ms returns 0x00
T48C0 000:113.498 JLINK_TIF_GetAvailable(...)
T48C0 000:114.209 - 0.732ms
T48C0 000:114.231 JLINK_TIF_Select(JLINKARM_TIF_SWD)
T48C0 000:116.205 - 1.973ms returns 0x00
T48C0 000:116.238 JLINK_SetSpeed(4000)
T48C0 000:116.556 - 0.322ms
T48C0 000:116.597 JLINK_ReadMem(0xE000EDF0, 0x4 Bytes, ...)
T48C0 000:117.114   ConfigTargetSettings() start
T48C0 000:117.131    J-Link Script File: Executing ConfigTargetSettings()
T48C0 000:117.149   Configuring FlashDLNoRMWThreshold=0x200 in order to make sure that option bytes programming is done via read-modify-write
T48C0 000:123.939   ConfigTargetSettings() end - Took 6.80ms
T48C0 000:123.964   InitTarget() start
T48C0 000:123.976    J-Link Script File: Executing InitTarget()
T48C0 000:123.986   SWD selected. Executing JTAG -> SWD switching sequence.
T48C0 000:128.888   DAP initialized successfully.
T48C0 000:128.912   Determining TrustZone configuration...
T48C0 000:131.822     Secure Debug: Enabled (SSD)
T48C0 000:131.856   Determining currently configured transfer type by reading the AHB-AP CSW register.
T48C0 000:134.219     --> Correct transfer type configured. Done.
T48C0 000:134.251   InitTarget() end - Took 10.2ms
T48C0 000:135.779   Found SW-DP with ID 0x6BA02477
T48C0 000:141.311   DPIDR: 0x6BA02477
T48C0 000:141.327   CoreSight SoC-400 or earlier
T48C0 000:141.339   Scanning AP map to find all available APs
T48C0 000:143.875   AP[2]: Stopped AP scan as end of AP map has been reached
T48C0 000:143.898   AP[0]: AHB-AP (IDR: 0x84770001)
T48C0 000:143.910   AP[1]: APB-AP (IDR: 0x54770002)
T48C0 000:143.936   Iterating through AP map to find AHB-AP to use
T48C0 000:146.060   AP[0]: Core found
T48C0 000:146.078   AP[0]: AHB-AP ROM base: 0xE00FE000
T48C0 000:147.057   CPUID register: 0x410FD214. Implementer code: 0x41 (ARM)
T48C0 000:147.098   Feature set: Mainline
T48C0 000:148.136   Cache: No cache
T48C0 000:148.176   Found Cortex-M33 r0p4, Little endian.
T48C0 000:149.326   -- Max. mem block: 0x00001B00
T48C0 000:151.353   CPU_ReadMem(4 bytes @ 0xE000EDF0)
T48C0 000:152.490   CPU_ReadMem(4 bytes @ 0xE0002000)
T48C0 000:153.391   FPUnit: 8 code (BP) slots and 0 literal slots
T48C0 000:153.410   CPU_ReadMem(4 bytes @ 0xE000EDFC)
T48C0 000:154.333   CPU_ReadMem(4 bytes @ 0xE0001000)
T48C0 000:155.217   CPU_ReadMem(4 bytes @ 0xE0001000)
T48C0 000:156.098   CPU_ReadMem(4 bytes @ 0xE0001028)
T48C0 000:156.999   CPU_ReadMem(4 bytes @ 0xE0001038)
T48C0 000:157.904   CPU_ReadMem(4 bytes @ 0xE0001048)
T48C0 000:158.939   CPU_ReadMem(4 bytes @ 0xE0001058)
T48C0 000:159.802   CPU_WriteMem(4 bytes @ 0xE0001000)
T48C0 000:160.620   CPU_ReadMem(4 bytes @ 0xE000ED88)
T48C0 000:161.518   CPU_WriteMem(4 bytes @ 0xE000ED88)
T48C0 000:162.424   CPU_ReadMem(4 bytes @ 0xE000ED88)
T48C0 000:163.304   CPU_WriteMem(4 bytes @ 0xE000ED88)
T48C0 000:164.199   CPU_ReadMem(4 bytes @ 0xE000EFB8)
T48C0 000:165.053   Security extension: implemented
T48C0 000:165.082   Secure debug: enabled
T48C0 000:165.098   CoreSight components:
T48C0 000:165.127   ROMTbl[0] @ E00FE000
T48C0 000:165.163   CPU_ReadMem(64 bytes @ 0xE00FE000)
T48C0 000:166.791   CPU_ReadMem(32 bytes @ 0xE0044FE0)
T48C0 000:167.967   CPU_ReadMem(4 bytes @ 0xE0044FBC)
T48C0 000:168.918   CPU_ReadMem(4 bytes @ 0xE0044FCC)
T48C0 000:169.765   [0][0]: E0044000 CID B105900D PID 005BB906 DEVARCH 00000000 DEVTYPE 14 CTI (?)
T48C0 000:169.784   CPU_ReadMem(32 bytes @ 0xE0047FE0)
T48C0 000:171.042   CPU_ReadMem(4 bytes @ 0xE0047FBC)
T48C0 000:171.836   CPU_ReadMem(4 bytes @ 0xE0047FCC)
T48C0 000:172.754   [0][1]: E0047000 CID B105900D PID 003BB908 DEVARCH 00000000 DEVTYPE 12 CSTF
T48C0 000:172.773   CPU_ReadMem(32 bytes @ 0xE0048FE0)
T48C0 000:173.983   CPU_ReadMem(4 bytes @ 0xE0048FBC)
T48C0 000:174.884   CPU_ReadMem(4 bytes @ 0xE0048FCC)
T48C0 000:175.767   [0][2]: E0048000 CID B105900D PID 001BB961 DEVARCH 00000000 DEVTYPE 21 ETB
T48C0 000:175.795   CPU_ReadMem(32 bytes @ 0xE0049FE0)
T48C0 000:177.001   [0][3]: E0049000 CID B105F00D PID 001BB101 TSG
T48C0 000:177.020   CPU_ReadMem(32 bytes @ 0xE0040FE0)
T48C0 000:178.182   CPU_ReadMem(4 bytes @ 0xE0040FBC)
T48C0 000:179.172   CPU_ReadMem(4 bytes @ 0xE0040FCC)
T48C0 000:180.031   [0][4]: E0040000 CID B105900D PID 000BBD21 DEVARCH 00000000 DEVTYPE 11 TPIU
T48C0 000:180.050   CPU_ReadMem(32 bytes @ 0xE00FFFE0)
T48C0 000:181.323   [0][5]: E00FF000 CID B105100D PID 000BB4C9 ROM Table
T48C0 000:181.341   ROMTbl[1] @ E00FF000
T48C0 000:181.355   CPU_ReadMem(64 bytes @ 0xE00FF000)
T48C0 000:183.043   CPU_ReadMem(32 bytes @ 0xE000EFE0)
T48C0 000:184.323   CPU_ReadMem(4 bytes @ 0xE000EFBC)
T48C0 000:185.215   CPU_ReadMem(4 bytes @ 0xE000EFCC)
T48C0 000:186.109   [1][0]: E000E000 CID B105900D PID 000BBD21 DEVARCH 47702A04 DEVTYPE 00 Cortex-M33
T48C0 000:186.128   CPU_ReadMem(32 bytes @ 0xE0001FE0)
T48C0 000:187.371   CPU_ReadMem(4 bytes @ 0xE0001FBC)
T48C0 000:188.196   CPU_ReadMem(4 bytes @ 0xE0001FCC)
T48C0 000:189.081   [1][1]: E0001000 CID B105900D PID 000BBD21 DEVARCH 47701A02 DEVTYPE 00 DWT
T48C0 000:189.108   CPU_ReadMem(32 bytes @ 0xE0002FE0)
T48C0 000:190.336   CPU_ReadMem(4 bytes @ 0xE0002FBC)
T48C0 000:191.235   CPU_ReadMem(4 bytes @ 0xE0002FCC)
T48C0 000:192.149   [1][2]: E0002000 CID B105900D PID 000BBD21 DEVARCH 47701A03 DEVTYPE 00 FPB
T48C0 000:192.171   CPU_ReadMem(32 bytes @ 0xE0000FE0)
T48C0 000:193.308   CPU_ReadMem(4 bytes @ 0xE0000FBC)
T48C0 000:194.090   CPU_ReadMem(4 bytes @ 0xE0000FCC)
T48C0 000:194.933   [1][3]: E0000000 CID B105900D PID 000BBD21 DEVARCH 47701A01 DEVTYPE 43 ITM
T48C0 000:194.973   CPU_ReadMem(32 bytes @ 0xE0041FE0)
T48C0 000:196.094   CPU_ReadMem(4 bytes @ 0xE0041FBC)
T48C0 000:196.945   CPU_ReadMem(4 bytes @ 0xE0041FCC)
T48C0 000:197.909   [1][5]: E0041000 CID B105900D PID 002BBD21 DEVARCH 47724A13 DEVTYPE 13 ETM
T48C0 000:197.956   CPU_ReadMem(32 bytes @ 0xE0042FE0)
T48C0 000:199.303   CPU_ReadMem(4 bytes @ 0xE0042FBC)
T48C0 000:200.347   CPU_ReadMem(4 bytes @ 0xE0042FCC)
T48C0 000:201.254   [1][6]: E0042000 CID B105900D PID 000BBD21 DEVARCH 47701A14 DEVTYPE 14 CSS600-CTI
T48C0 000:201.318   CPU_ReadMem(4 bytes @ 0xE000EDF0)
T48C0 000:202.273   Data:  03 00 13 00
T48C0 000:202.313   Debug reg: DHCSR
T48C0 000:202.328 - 85.731ms returns 0
T48C0 000:202.376 JLINK_ReadMem(0x400E002C, 0x4 Bytes, ...)
T48C0 000:202.395   CPU_ReadMem(4 bytes @ 0x400E002C)
T48C0 000:203.435   Data:  02 00 00 00
T48C0 000:203.453 - 1.077ms returns 0
T48C0 000:203.620 JLINK_ReadMem(0xE000EDF0, 0x4 Bytes, ...)
T48C0 000:203.655   CPU_ReadMem(4 bytes @ 0xE000EDF0)
T48C0 000:204.652   Data:  03 00 13 00
T48C0 000:204.669   Debug reg: DHCSR
T48C0 000:204.680 - 1.060ms returns 0
T48C0 000:204.713 JLINK_ReadMem(0xE000EDF0, 0x4 Bytes, ...)
T48C0 000:204.737   CPU_ReadMem(4 bytes @ 0xE000EDF0)
T48C0 000:205.947   Data:  03 00 13 00
T48C0 000:205.966   Debug reg: DHCSR
T48C0 000:205.979 - 1.266ms returns 0
T48C0 000:205.993 JLINK_ReadMem(0x400E001C, 0x4 Bytes, ...)
T48C0 000:206.006   CPU_ReadMem(4 bytes @ 0x400E001C)
T48C0 000:207.228   Data:  00 D8 00 00
T48C0 000:207.248 - 1.254ms returns 0
T48C0 000:207.265 JLINK_ReadMem(0xE000EDF0, 0x4 Bytes, ...)
T48C0 000:207.278   CPU_ReadMem(4 bytes @ 0xE000EDF0)
T48C0 000:208.369   Data:  03 00 13 00
T48C0 000:208.388   Debug reg: DHCSR
T48C0 000:208.401 - 1.136ms returns 0
T48C0 000:208.416 JLINK_ReadMem(0x400E0018, 0x4 Bytes, ...)
T48C0 000:208.429   CPU_ReadMem(4 bytes @ 0x400E0018)
T48C0 000:209.388   Data:  00 00 01 00
T48C0 000:209.411 - 0.995ms returns 0
T48C0 000:209.446 JLINK_ReadMem(0xE000EDF0, 0x4 Bytes, ...)
T48C0 000:209.459   CPU_ReadMem(4 bytes @ 0xE000EDF0)
T48C0 000:210.539   Data:  03 00 13 00
T48C0 000:210.558   Debug reg: DHCSR
T48C0 000:210.571 - 1.125ms returns 0
T48C0 000:210.585 JLINK_ReadMem(0x400E0020, 0x4 Bytes, ...)
T48C0 000:210.598   CPU_ReadMem(4 bytes @ 0x400E0020)
T48C0 000:211.757   Data:  00 00 00 00
T48C0 000:211.777 - 1.191ms returns 0
T48C0 000:211.795 JLINK_ReadMem(0xE000EDF0, 0x4 Bytes, ...)
T48C0 000:211.808   CPU_ReadMem(4 bytes @ 0xE000EDF0)
T48C0 000:213.009   Data:  03 00 13 00
T48C0 000:213.028   Debug reg: DHCSR
T48C0 000:213.041 - 1.245ms returns 0
T48C0 000:213.055 JLINK_ReadMem(0x400E0028, 0x4 Bytes, ...)
T48C0 000:213.068   CPU_ReadMem(4 bytes @ 0x400E0028)
T48C0 000:214.117   Data:  00 48 01 00
T48C0 000:214.136 - 1.080ms returns 0
T48C0 000:214.153 JLINK_ReadMem(0xE000EDF0, 0x4 Bytes, ...)
T48C0 000:214.167   CPU_ReadMem(4 bytes @ 0xE000EDF0)
T48C0 000:215.244   Data:  03 00 13 00
T48C0 000:215.263   Debug reg: DHCSR
T48C0 000:215.276 - 1.123ms returns 0
T48C0 000:215.290 JLINK_ReadMem(0x400E0024, 0x4 Bytes, ...)
T48C0 000:215.303   CPU_ReadMem(4 bytes @ 0x400E0024)
T48C0 000:216.278   Data:  00 60 01 00
T48C0 000:216.297 - 1.006ms returns 0
T48C0 000:216.314 JLINK_ReadMem(0xE000EDF0, 0x4 Bytes, ...)
T48C0 000:216.327   CPU_ReadMem(4 bytes @ 0xE000EDF0)
T48C0 000:217.530   Data:  03 00 13 00
T48C0 000:217.548   Debug reg: DHCSR
T48C0 000:217.561 - 1.247ms returns 0
T48C0 000:217.576 JLINK_ReadMem(0x400E002C, 0x4 Bytes, ...)
T48C0 000:217.589   CPU_ReadMem(4 bytes @ 0x400E002C)
T48C0 000:218.562   Data:  02 00 00 00
T48C0 000:218.581 - 1.005ms returns 0
T48C0 000:218.598 JLINK_ReadMem(0xE000EDF0, 0x4 Bytes, ...)
T48C0 000:218.611   CPU_ReadMem(4 bytes @ 0xE000EDF0)
T48C0 000:219.524   Data:  03 00 13 00
T48C0 000:219.544   Debug reg: DHCSR
T48C0 000:219.559 - 0.961ms returns 0
T48C0 000:219.573 JLINK_ReadMem(0x400E002C, 0x4 Bytes, ...)
T48C0 000:219.587   CPU_ReadMem(4 bytes @ 0x400E002C)
T48C0 000:220.603   Data:  02 00 00 00
T48C0 000:220.625 - 1.051ms returns 0
T48C0 000:220.824 JLINK_ReadMem(0xE000EDF0, 0x4 Bytes, ...)
T48C0 000:220.838   CPU_ReadMem(4 bytes @ 0xE000EDF0)
T48C0 000:222.006   Data:  03 00 13 00
T48C0 000:222.025   Debug reg: DHCSR
T48C0 000:222.037 - 1.213ms returns 0
T48C0 000:222.052 JLINK_ReadMem(0x400E002C, 0x4 Bytes, ...)
T48C0 000:222.065   CPU_ReadMem(4 bytes @ 0x400E002C)
T48C0 000:223.241   Data:  02 00 00 00
T48C0 000:223.260 - 1.208ms returns 0
T48C0 000:223.278 JLINK_ReadMem(0xE000EDF0, 0x4 Bytes, ...)
T48C0 000:223.291   CPU_ReadMem(4 bytes @ 0xE000EDF0)
T48C0 000:224.180   Data:  03 00 13 00
T48C0 000:224.200   Debug reg: DHCSR
T48C0 000:224.213 - 0.935ms returns 0
T48C0 000:224.228 JLINK_ReadMem(0x400E001C, 0x4 Bytes, ...)
T48C0 000:224.242   CPU_ReadMem(4 bytes @ 0x400E001C)
T48C0 000:225.309   Data:  00 D8 00 00
T48C0 000:225.328 - 1.099ms returns 0
T48C0 000:225.346 JLINK_ReadMem(0xE000EDF0, 0x4 Bytes, ...)
T48C0 000:225.359   CPU_ReadMem(4 bytes @ 0xE000EDF0)
T48C0 000:226.533   Data:  03 00 13 00
T48C0 000:226.552   Debug reg: DHCSR
T48C0 000:226.565 - 1.219ms returns 0
T48C0 000:226.579 JLINK_ReadMem(0x400E0018, 0x4 Bytes, ...)
T48C0 000:226.592   CPU_ReadMem(4 bytes @ 0x400E0018)
T48C0 000:227.697   Data:  00 00 01 00
T48C0 000:227.717 - 1.137ms returns 0
T48C0 000:227.734 JLINK_ReadMem(0xE000EDF0, 0x4 Bytes, ...)
T48C0 000:227.747   CPU_ReadMem(4 bytes @ 0xE000EDF0)
T48C0 000:228.878   Data:  03 00 13 00
T48C0 000:228.899   Debug reg: DHCSR
T48C0 000:228.912 - 1.177ms returns 0
T48C0 000:228.930 JLINK_ReadMem(0x400E0020, 0x4 Bytes, ...)
T48C0 000:228.944   CPU_ReadMem(4 bytes @ 0x400E0020)
T48C0 000:230.008   Data:  00 00 00 00
T48C0 000:230.027 - 1.096ms returns 0
T48C0 000:230.048 JLINK_ReadMem(0xE000EDF0, 0x4 Bytes, ...)
T48C0 000:230.062   CPU_ReadMem(4 bytes @ 0xE000EDF0)
T48C0 000:231.220   Data:  03 00 13 00
T48C0 000:231.239   Debug reg: DHCSR
T48C0 000:231.252 - 1.204ms returns 0
T48C0 000:231.269 JLINK_ReadMem(0x400E0028, 0x4 Bytes, ...)
T48C0 000:231.282   CPU_ReadMem(4 bytes @ 0x400E0028)
T48C0 000:232.104   Data:  00 48 01 00
T48C0 000:232.124 - 0.854ms returns 0
T48C0 000:232.145 JLINK_ReadMem(0xE000EDF0, 0x4 Bytes, ...)
T48C0 000:232.158   CPU_ReadMem(4 bytes @ 0xE000EDF0)
T48C0 000:233.007   Data:  03 00 13 00
T48C0 000:233.026   Debug reg: DHCSR
T48C0 000:233.039 - 0.894ms returns 0
T48C0 000:233.056 JLINK_ReadMem(0x400E0024, 0x4 Bytes, ...)
T48C0 000:233.069   CPU_ReadMem(4 bytes @ 0x400E0024)
T48C0 000:233.979   Data:  00 60 01 00
T48C0 000:233.999 - 0.943ms returns 0
T48C0 000:234.261 JLINK_TIF_GetAvailable(...)
T48C0 000:234.871 - 0.610ms
T48C0 000:234.891 JLINK_TIF_Select(JLINKARM_TIF_SWD)
T48C0 000:234.900 - 0.009ms returns 0x00
T48C0 000:234.911 JLINK_SetSpeed(4000)
T48C0 000:235.324 - 0.413ms
T48C0 000:235.344 JLINK_SetEndian(ARM_ENDIAN_LITTLE)
T48C0 000:235.353 - 0.009ms returns 0
T48C0 000:235.364 JLINK_SetInitRegsOnReset(OFF)
T48C0 000:235.372 - 0.008ms returns 1
T48C0 000:235.383 JLINK_SetResetType(JLINKARM_CM3_RESET_TYPE_NORMAL)
T48C0 000:235.392 - 0.009ms returns JLINKARM_CM3_RESET_TYPE_NORMAL
T48C0 000:235.404 JLINK_ExecCommand("EnableFlashBPs", ...). 
T48C0 000:235.416 - 0.000ms returns 0x00
T48C0 000:235.428 JLINK_ExecCommand("SetAllowFlashCache = 0", ...). 
T48C0 000:235.445 - 0.005ms returns 0x00
T48C0 000:235.457 JLINK_ExecCommand("SetRestartOnClose = 0", ...). 
T48C0 000:235.470 - 0.001ms returns 0x01
T48C0 000:235.480 JLINK_EnableSoftBPs(ON)
T48C0 000:235.488 - 0.008ms
T48C0 000:235.498 JLINK_Connect()
T48C0 000:236.108   ConfigTargetSettings() start
T48C0 000:236.127    J-Link Script File: Executing ConfigTargetSettings()
T48C0 000:236.137   Configuring FlashDLNoRMWThreshold=0x200 in order to make sure that option bytes programming is done via read-modify-write
T48C0 000:241.750   ConfigTargetSettings() end - Took 5.62ms
T48C0 000:241.770   InitTarget() start
T48C0 000:241.782    J-Link Script File: Executing InitTarget()
T48C0 000:241.792   SWD selected. Executing JTAG -> SWD switching sequence.
T48C0 000:247.949   DAP initialized successfully.
T48C0 000:247.969   Determining TrustZone configuration...
T48C0 000:251.886     Secure Debug: Enabled (SSD)
T48C0 000:251.909   Determining currently configured transfer type by reading the AHB-AP CSW register.
T48C0 000:254.230     --> Correct transfer type configured. Done.
T48C0 000:254.253   InitTarget() end - Took 12.4ms
T48C0 000:255.959   Found SW-DP with ID 0x6BA02477
T48C0 000:262.202   DPIDR: 0x6BA02477
T48C0 000:262.221   CoreSight SoC-400 or earlier
T48C0 000:262.232   AP map detection skipped. Manually configured AP map found.
T48C0 000:262.243   AP[0]: AHB-AP (IDR: Not set)
T48C0 000:264.656   AP[0]: Core found
T48C0 000:264.674   AP[0]: AHB-AP ROM base: 0xE00FE000
T48C0 000:265.834   CPUID register: 0x410FD214. Implementer code: 0x41 (ARM)
T48C0 000:265.851   Feature set: Mainline
T48C0 000:266.985   Cache: No cache
T48C0 000:267.002   Found Cortex-M33 r0p4, Little endian.
T48C0 000:267.627   -- Max. mem block: 0x000018A0
T48C0 000:267.653   CPU_ReadMem(4 bytes @ 0xE000EDF0)
T48C0 000:268.601   CPU_ReadMem(4 bytes @ 0xE0002000)
T48C0 000:269.704   FPUnit: 8 code (BP) slots and 0 literal slots
T48C0 000:269.722   CPU_ReadMem(4 bytes @ 0xE000EDFC)
T48C0 000:270.537   CPU_ReadMem(4 bytes @ 0xE0001000)
T48C0 000:271.419   CPU_ReadMem(4 bytes @ 0xE0001000)
T48C0 000:272.227   CPU_ReadMem(4 bytes @ 0xE0001028)
T48C0 000:273.293   CPU_ReadMem(4 bytes @ 0xE0001038)
T48C0 000:274.277   CPU_ReadMem(4 bytes @ 0xE0001048)
T48C0 000:275.342   CPU_ReadMem(4 bytes @ 0xE0001058)
T48C0 000:276.475   CPU_WriteMem(4 bytes @ 0xE0001000)
T48C0 000:277.513   CPU_ReadMem(4 bytes @ 0xE000ED88)
T48C0 000:278.592   CPU_WriteMem(4 bytes @ 0xE000ED88)
T48C0 000:279.532   CPU_ReadMem(4 bytes @ 0xE000ED88)
T48C0 000:280.603   CPU_WriteMem(4 bytes @ 0xE000ED88)
T48C0 000:281.704   CPU_ReadMem(4 bytes @ 0xE000EFB8)
T48C0 000:282.739   Security extension: implemented
T48C0 000:282.756   Secure debug: enabled
T48C0 000:282.767   CoreSight components:
T48C0 000:282.778   ROMTbl[0] @ E00FE000
T48C0 000:282.790   CPU_ReadMem(64 bytes @ 0xE00FE000)
T48C0 000:284.623   CPU_ReadMem(32 bytes @ 0xE0044FE0)
T48C0 000:285.841   CPU_ReadMem(4 bytes @ 0xE0044FBC)
T48C0 000:286.790   CPU_ReadMem(4 bytes @ 0xE0044FCC)
T48C0 000:287.611   [0][0]: E0044000 CID B105900D PID 005BB906 DEVARCH 00000000 DEVTYPE 14 CTI (?)
T48C0 000:287.649   CPU_ReadMem(32 bytes @ 0xE0047FE0)
T48C0 000:288.938   CPU_ReadMem(4 bytes @ 0xE0047FBC)
T48C0 000:290.032   CPU_ReadMem(4 bytes @ 0xE0047FCC)
T48C0 000:291.055   [0][1]: E0047000 CID B105900D PID 003BB908 DEVARCH 00000000 DEVTYPE 12 CSTF
T48C0 000:291.073   CPU_ReadMem(32 bytes @ 0xE0048FE0)
T48C0 000:292.341   CPU_ReadMem(4 bytes @ 0xE0048FBC)
T48C0 000:293.353   CPU_ReadMem(4 bytes @ 0xE0048FCC)
T48C0 000:294.303   [0][2]: E0048000 CID B105900D PID 001BB961 DEVARCH 00000000 DEVTYPE 21 ETB
T48C0 000:294.323   CPU_ReadMem(32 bytes @ 0xE0049FE0)
T48C0 000:295.576   [0][3]: E0049000 CID B105F00D PID 001BB101 TSG
T48C0 000:295.604   CPU_ReadMem(32 bytes @ 0xE0040FE0)
T48C0 000:296.831   CPU_ReadMem(4 bytes @ 0xE0040FBC)
T48C0 000:297.671   CPU_ReadMem(4 bytes @ 0xE0040FCC)
T48C0 000:298.576   [0][4]: E0040000 CID B105900D PID 000BBD21 DEVARCH 00000000 DEVTYPE 11 TPIU
T48C0 000:298.594   CPU_ReadMem(32 bytes @ 0xE00FFFE0)
T48C0 000:299.980   [0][5]: E00FF000 CID B105100D PID 000BB4C9 ROM Table
T48C0 000:299.995   ROMTbl[1] @ E00FF000
T48C0 000:300.006   CPU_ReadMem(64 bytes @ 0xE00FF000)
T48C0 000:301.729   CPU_ReadMem(32 bytes @ 0xE000EFE0)
T48C0 000:302.979   CPU_ReadMem(4 bytes @ 0xE000EFBC)
T48C0 000:303.871   CPU_ReadMem(4 bytes @ 0xE000EFCC)
T48C0 000:304.851   [1][0]: E000E000 CID B105900D PID 000BBD21 DEVARCH 47702A04 DEVTYPE 00 Cortex-M33
T48C0 000:304.868   CPU_ReadMem(32 bytes @ 0xE0001FE0)
T48C0 000:306.108   CPU_ReadMem(4 bytes @ 0xE0001FBC)
T48C0 000:307.122   CPU_ReadMem(4 bytes @ 0xE0001FCC)
T48C0 000:308.193   [1][1]: E0001000 CID B105900D PID 000BBD21 DEVARCH 47701A02 DEVTYPE 00 DWT
T48C0 000:308.208   CPU_ReadMem(32 bytes @ 0xE0002FE0)
T48C0 000:309.424   CPU_ReadMem(4 bytes @ 0xE0002FBC)
T48C0 000:310.428   CPU_ReadMem(4 bytes @ 0xE0002FCC)
T48C0 000:311.456   [1][2]: E0002000 CID B105900D PID 000BBD21 DEVARCH 47701A03 DEVTYPE 00 FPB
T48C0 000:311.477   CPU_ReadMem(32 bytes @ 0xE0000FE0)
T48C0 000:312.897   CPU_ReadMem(4 bytes @ 0xE0000FBC)
T48C0 000:313.892   CPU_ReadMem(4 bytes @ 0xE0000FCC)
T48C0 000:314.987   [1][3]: E0000000 CID B105900D PID 000BBD21 DEVARCH 47701A01 DEVTYPE 43 ITM
T48C0 000:315.006   CPU_ReadMem(32 bytes @ 0xE0041FE0)
T48C0 000:316.695   CPU_ReadMem(4 bytes @ 0xE0041FBC)
T48C0 000:317.739   CPU_ReadMem(4 bytes @ 0xE0041FCC)
T48C0 000:318.679   [1][5]: E0041000 CID B105900D PID 002BBD21 DEVARCH 47724A13 DEVTYPE 13 ETM
T48C0 000:318.696   CPU_ReadMem(32 bytes @ 0xE0042FE0)
T48C0 000:319.991   CPU_ReadMem(4 bytes @ 0xE0042FBC)
T48C0 000:321.136   CPU_ReadMem(4 bytes @ 0xE0042FCC)
T48C0 000:322.298   [1][6]: E0042000 CID B105900D PID 000BBD21 DEVARCH 47701A14 DEVTYPE 14 CSS600-CTI
T48C0 000:322.319 - 86.820ms returns 0x00
T48C0 000:322.338 JLINK_Halt()
T48C0 000:329.644 - 7.305ms returns 0x00
T48C0 000:329.665 JLINK_IsHalted()
T48C0 000:329.675 - 0.009ms returns TRUE
T48C0 000:329.686 JLINK_ResetPullsRESET(ON)
T48C0 000:329.694 - 0.008ms
T48C0 000:329.704 JLINK_Reset()
T48C0 000:329.721   CPU_WriteMem(4 bytes @ 0xE000EDF0)
T48C0 000:330.895   CPU_ReadMem(4 bytes @ 0xE000ED44)
T48C0 000:332.012   CPU_ReadMem(4 bytes @ 0xE000EE08)
T48C0 000:333.208   CPU_WriteMem(4 bytes @ 0xE000EE08)
T48C0 000:334.319   CPU_ReadMem(4 bytes @ 0xE000EE08)
T48C0 000:335.456   Reset: ARMv8M core with Security Extension enabled detected. Switch to secure domain.
T48C0 000:335.480   CPU_WriteMem(4 bytes @ 0xE000EDFC)
T48C0 000:336.516   Reset: Halt core after reset via DEMCR.VC_CORERESET.
T48C0 000:338.316   Reset: Reset device via AIRCR.SYSRESETREQ.
T48C0 000:338.341   CPU_WriteMem(4 bytes @ 0xE000ED0C)
T48C0 000:396.611   CPU_ReadMem(4 bytes @ 0xE000EDF0)
T48C0 000:397.943   CPU_ReadMem(4 bytes @ 0xE000EDF0)
T48C0 000:399.200   CPU_WriteMem(4 bytes @ 0xE000EDFC)
T48C0 000:406.383   CPU_ReadMem(4 bytes @ 0xE000EDF0)
T48C0 000:416.489   CPU_ReadMem(4 bytes @ 0xE000EE08)
T48C0 000:418.048   CPU_WriteMem(4 bytes @ 0xE0002000)
T48C0 000:419.089   CPU_ReadMem(4 bytes @ 0xE000EDFC)
T48C0 000:420.193   CPU_ReadMem(4 bytes @ 0xE0001000)
T48C0 000:421.272   CPU_ReadMem(4 bytes @ 0xE000EE08)
T48C0 000:422.695 - 92.990ms
T48C0 000:422.884 JLINK_ReadMem(0xE000EDF0, 0x4 Bytes, ...)
T48C0 000:422.907   CPU_ReadMem(4 bytes @ 0xE000EDF0)
T48C0 000:424.572   Data:  03 00 13 00
T48C0 000:424.605   Debug reg: DHCSR
T48C0 000:424.630 - 1.746ms returns 0
T48C0 000:424.662 JLINK_ReadMem(0x010080F0, 0x10 Bytes, ...)
T48C0 000:424.678   CPU_ReadMem(16 bytes @ 0x010080F0)
T48C0 000:426.185   Data:  52 37 46 41 34 4D 32 41 44 33 43 46 50 20 20 20
T48C0 000:426.268 - 1.587ms returns 0
T48C0 000:426.310 JLINK_IsHalted()
T48C0 000:426.322 - 0.012ms returns TRUE
T48C0 000:426.707 JLINK_ReadMem(0xE000EDF0, 0x4 Bytes, ...)
T48C0 000:426.730   CPU_ReadMem(4 bytes @ 0xE000EDF0)
T48C0 000:428.066   Data:  03 00 13 00
T48C0 000:428.103   Debug reg: DHCSR
T48C0 000:428.118 - 1.411ms returns 0
T48C0 000:428.141 JLINK_ReadMem(0x400E002C, 0x4 Bytes, ...)
T48C0 000:428.161   CPU_ReadMem(4 bytes @ 0x400E002C)
T48C0 000:429.664   Data:  02 00 00 00
T48C0 000:429.703 - 1.561ms returns 0
T48C0 000:429.735 JLINK_MeasureCPUSpeed(RAMAddr = 0x20000000)
T48C0 000:429.753   CPU_ReadMem(16 bytes @ 0x20000000)
T48C0 000:431.141   CPU_ReadMem(4 bytes @ 0xE000EDFC)
T48C0 000:432.529   CPU_ReadMem(4 bytes @ 0xE0001000)
T48C0 000:433.957   CPU_ReadMem(6 bytes @ 0x20000000)
T48C0 000:435.417   CPU_ReadMem(4 bytes @ 0xE000ED90)
T48C0 000:436.387   CPU_ReadMem(4 bytes @ 0xE000ED94)
T48C0 000:437.440   CPU_WriteMem(16 bytes @ 0x20000000)
T48C0 000:438.740   CPU_WriteMem(6 bytes @ 0x20000000)
T48C0 000:439.852   CPU_ReadMem(6 bytes @ 0x20000000)
T48C0 000:441.124   CPU_ReadMem(4 bytes @ 0xE000EE08)
T48C0 000:442.264   CPU_WriteMem(4 bytes @ 0xE0002008)
T48C0 000:442.296   CPU_WriteMem(4 bytes @ 0xE000200C)
T48C0 000:442.320   CPU_WriteMem(4 bytes @ 0xE0002010)
T48C0 000:442.337   CPU_WriteMem(4 bytes @ 0xE0002014)
T48C0 000:442.354   CPU_WriteMem(4 bytes @ 0xE0002018)
T48C0 000:442.371   CPU_WriteMem(4 bytes @ 0xE000201C)
T48C0 000:442.388   CPU_WriteMem(4 bytes @ 0xE0002020)
T48C0 000:442.405   CPU_WriteMem(4 bytes @ 0xE0002024)
T48C0 000:446.765   CPU_WriteMem(4 bytes @ 0xE0001004)
T48C0 000:461.613   CPU_ReadMem(4 bytes @ 0xE0001004)
T48C0 000:463.320   CPU_ReadMem(4 bytes @ 0xE000EE08)
T48C0 000:464.995   CPU_WriteMem(4 bytes @ 0xE0002008)
T48C0 000:466.571   CPU_WriteMem(4 bytes @ 0xE000200C)
T48C0 000:467.903   CPU_WriteMem(4 bytes @ 0xE0002010)
T48C0 000:469.235   CPU_WriteMem(4 bytes @ 0xE0002014)
T48C0 000:470.445   CPU_WriteMem(4 bytes @ 0xE0002018)
T48C0 000:471.709   CPU_WriteMem(4 bytes @ 0xE000201C)
T48C0 000:473.050   CPU_WriteMem(4 bytes @ 0xE0002020)
T48C0 000:474.328   CPU_WriteMem(4 bytes @ 0xE0002024)
T48C0 000:475.541   CPU_ReadMem(4 bytes @ 0xE000EE08)
T48C0 000:476.712   CPU_ReadMem(4 bytes @ 0xE000EE08)
T48C0 000:477.974   CPU_WriteMem(4 bytes @ 0xE0001004)
T48C0 000:511.036   CPU_ReadMem(4 bytes @ 0xE0001004)
T48C0 000:511.988   CPU_WriteMem(6 bytes @ 0x20000000)
T48C0 000:513.060   ClockFreq: 2076000 Hz
T48C0 000:513.080 - 83.345ms returns 2076000
T48C0 000:513.129 JLINK_ReadReg(XPSR)
T48C0 000:513.143   CPU_ReadMem(4 bytes @ 0xE000EE08)
T48C0 000:514.173 - 1.044ms returns 0xF9000000
T2CD8 002:570.406 JLINK_WriteMem(0x20011B2C, 0x4 Bytes, ...)
T2CD8 002:570.437   Data:  00 00 00 00
T2CD8 002:570.874   CPU_WriteMem(4 bytes @ 0x20011B2C)
T2CD8 002:571.863 - 1.457ms returns 0x4
T2CD8 002:616.159 JLINK_ReadMem(0x20011B2C, 0x4 Bytes, ...)
T2CD8 002:616.220   CPU_ReadMem(4 bytes @ 0x20011B2C)
T2CD8 002:616.994   Data:  00 00 00 00
T2CD8 002:617.041 - 0.882ms returns 0
T2CD8 002:617.072 JLINK_ReadMem(0x20011C04, 0x4 Bytes, ...)
T2CD8 002:617.120   CPU_ReadMem(4 bytes @ 0x20011C04)
T2CD8 002:618.012   Data:  40 47 00 20
T2CD8 002:618.044 - 0.972ms returns 0
T2CD8 002:618.072 JLINK_ReadMem(0x00000000, 0x4 Bytes, ...)
T2CD8 002:618.092   CPU_ReadMem(64 bytes @ 0x00000000)
T2CD8 002:619.683    -- Updating C cache (64 bytes @ 0x00000000)
T2CD8 002:619.722    -- Read from C cache (4 bytes @ 0x00000000)
T2CD8 002:619.741   Data:  50 26 01 20
T2CD8 002:619.761 - 1.689ms returns 0
T2CD8 002:619.842 JLINK_ReadReg(XPSR)
T2CD8 002:620.546   CPU_ReadMem(4 bytes @ 0xE000EE08)
T2CD8 002:621.334 - 1.491ms returns 0xF9000000
T2CD8 002:621.384 JLINK_ReadMem(0x20011B2C, 0x4 Bytes, ...)
T2CD8 002:621.406   CPU_ReadMem(4 bytes @ 0x20011B2C)
T2CD8 002:622.163   Data:  00 00 00 00
T2CD8 002:622.191 - 0.807ms returns 0
T2CD8 002:622.213 JLINK_ReadMem(0x20011C04, 0x4 Bytes, ...)
T2CD8 002:622.233   CPU_ReadMem(4 bytes @ 0x20011C04)
T2CD8 002:623.004   Data:  40 47 00 20
T2CD8 002:623.031 - 0.817ms returns 0
T2CD8 002:623.054 JLINK_ReadMem(0x00000000, 0x4 Bytes, ...)
T2CD8 002:623.071    -- Read from C cache (4 bytes @ 0x00000000)
T2CD8 002:623.089   Data:  50 26 01 20
T2CD8 002:623.108 - 0.054ms returns 0
T2CD8 002:662.600 JLINK_ReadMem(0x20011B2C, 0x4 Bytes, ...)
T2CD8 002:662.653   CPU_ReadMem(4 bytes @ 0x20011B2C)
T2CD8 002:663.523   Data:  00 00 00 00
T2CD8 002:663.556 - 0.958ms returns 0
T2CD8 002:663.582 JLINK_ReadMem(0x20011C04, 0x4 Bytes, ...)
T2CD8 002:663.604   CPU_ReadMem(4 bytes @ 0x20011C04)
T2CD8 002:664.372   Data:  40 47 00 20
T2CD8 002:664.404 - 0.822ms returns 0
T2CD8 002:664.431 JLINK_ReadMem(0x00000000, 0x4 Bytes, ...)
T2CD8 002:664.449    -- Read from C cache (4 bytes @ 0x00000000)
T2CD8 002:664.469   Data:  50 26 01 20
T2CD8 002:664.489 - 0.058ms returns 0
T2CD8 002:664.563 JLINK_ReadReg(XPSR)
T2CD8 002:664.590 - 0.026ms returns 0xF9000000
T2CD8 002:664.620 JLINK_ReadMem(0x20011B2C, 0x4 Bytes, ...)
T2CD8 002:664.640   CPU_ReadMem(4 bytes @ 0x20011B2C)
T2CD8 002:665.369   Data:  00 00 00 00
T2CD8 002:665.398 - 0.777ms returns 0
T2CD8 002:665.422 JLINK_ReadMem(0x20011C04, 0x4 Bytes, ...)
T2CD8 002:665.442   CPU_ReadMem(4 bytes @ 0x20011C04)
T2CD8 002:666.286   Data:  40 47 00 20
T2CD8 002:666.315 - 0.893ms returns 0
T2CD8 002:666.340 JLINK_ReadMem(0x00000000, 0x4 Bytes, ...)
T2CD8 002:666.358    -- Read from C cache (4 bytes @ 0x00000000)
T2CD8 002:666.378   Data:  50 26 01 20
T2CD8 002:666.398 - 0.058ms returns 0
T2CD8 003:448.220 JLINK_BeginDownload(Flags = 0x00000000)
T2CD8 003:448.262 - 0.042ms
T2CD8 003:467.215 JLINK_ReadMem(0xE000EDF0, 0x4 Bytes, ...)
T2CD8 003:467.272   CPU_ReadMem(4 bytes @ 0xE000EDF0)
T2CD8 003:468.153   Data:  03 00 13 00
T2CD8 003:468.191   Debug reg: DHCSR
T2CD8 003:468.212 - 0.998ms returns 0
T2CD8 003:470.161 JLINK_WriteMem(0x00000000, 0xBC0 Bytes, ...)
T2CD8 003:470.214   Data:  50 26 01 20 61 8A 00 00 89 88 00 00 5D 8A 00 00 ...
T2CD8 003:470.593   completely In flash
T2CD8 003:470.629 - 0.469ms returns 0xBC0
T2CD8 003:472.272 JLINK_WriteMem(0x00000BC0, 0xBD0 Bytes, ...)
T2CD8 003:472.316   Data:  DB F8 04 30 A9 48 19 88 07 F0 CC F9 DB F8 04 30 ...
T2CD8 003:472.356   completely In flash
T2CD8 003:472.378 - 0.106ms returns 0xBD0
T2CD8 003:473.119 JLINK_WriteMem(0x00001790, 0xB90 Bytes, ...)
T2CD8 003:473.180   Data:  4A F2 02 51 4F F0 00 0C B3 F8 FE 23 A3 F8 FE 13 ...
T2CD8 003:473.223   completely In flash
T2CD8 003:473.252 - 0.133ms returns 0xB90
T2CD8 003:473.989 JLINK_WriteMem(0x00002320, 0xB70 Bytes, ...)
T2CD8 003:474.026   Data:  E0 24 00 20 10 B4 12 4C 90 F8 24 C0 34 F8 1C C0 ...
T2CD8 003:474.054   completely In flash
T2CD8 003:474.078 - 0.089ms returns 0xB70
T2CD8 003:474.808 JLINK_WriteMem(0x00002E90, 0xBA0 Bytes, ...)
T2CD8 003:474.837   Data:  36 10 29 6C 83 F8 24 20 19 64 95 F8 24 30 03 EB ...
T2CD8 003:474.865   completely In flash
T2CD8 003:474.888 - 0.080ms returns 0xBA0
T2CD8 003:475.597 JLINK_WriteMem(0x00003A30, 0xBA0 Bytes, ...)
T2CD8 003:475.623   Data:  00 20 04 B0 70 BD 02 20 04 B0 70 BD 00 24 04 21 ...
T2CD8 003:475.646   completely In flash
T2CD8 003:475.667 - 0.069ms returns 0xBA0
T2CD8 003:476.267 JLINK_WriteMem(0x000045D0, 0xBB0 Bytes, ...)
T2CD8 003:476.295   Data:  04 46 46 BB 4F F4 89 73 06 60 03 84 44 20 04 F0 ...
T2CD8 003:476.318   completely In flash
T2CD8 003:476.338 - 0.071ms returns 0xBB0
T2CD8 003:476.901 JLINK_WriteMem(0x00005180, 0xBB0 Bytes, ...)
T2CD8 003:476.929   Data:  64 18 00 20 68 18 00 20 F4 19 00 20 A4 19 00 20 ...
T2CD8 003:476.954   completely In flash
T2CD8 003:476.978 - 0.077ms returns 0xBB0
T2CD8 003:477.479 JLINK_WriteMem(0x00005D30, 0xB80 Bytes, ...)
T2CD8 003:477.502   Data:  85 42 0F 20 84 E7 03 29 7F F4 56 AF E8 B9 86 46 ...
T2CD8 003:477.527   completely In flash
T2CD8 003:477.549 - 0.071ms returns 0xB80
T2CD8 003:478.032 JLINK_WriteMem(0x000068B0, 0xB70 Bytes, ...)
T2CD8 003:478.054   Data:  23 20 21 8C B8 D1 A3 4B 20 46 00 93 00 23 1A 46 ...
T2CD8 003:478.079   completely In flash
T2CD8 003:478.100 - 0.068ms returns 0xB70
T2CD8 003:478.712 JLINK_WriteMem(0x00007420, 0xB90 Bytes, ...)
T2CD8 003:478.742   Data:  F0 81 E3 78 0A 3B 07 2B F6 D8 01 A2 52 F8 23 F0 ...
T2CD8 003:478.768   completely In flash
T2CD8 003:478.790 - 0.078ms returns 0xB90
T2CD8 003:479.419 JLINK_WriteMem(0x00007FB0, 0xBA0 Bytes, ...)
T2CD8 003:479.450   Data:  10 88 23 4F 3B 68 1B B9 22 49 CB 70 40 23 CB 70 ...
T2CD8 003:479.479   completely In flash
T2CD8 003:479.499 - 0.081ms returns 0xBA0
T2CD8 003:480.087 JLINK_WriteMem(0x00008B50, 0xBB0 Bytes, ...)
T2CD8 003:480.109   Data:  10 B4 15 4B 1A 46 1B 68 83 42 FB D3 54 68 41 68 ...
T2CD8 003:480.132   completely In flash
T2CD8 003:480.152 - 0.065ms returns 0xBB0
T2CD8 003:480.626 JLINK_WriteMem(0x00009700, 0xBC0 Bytes, ...)
T2CD8 003:480.648   Data:  B8 1A 01 20 54 C7 00 00 E4 D0 00 00 28 C7 00 00 ...
T2CD8 003:480.671   completely In flash
T2CD8 003:480.692 - 0.066ms returns 0xBC0
T2CD8 003:481.173 JLINK_WriteMem(0x0000A2C0, 0xBB0 Bytes, ...)
T2CD8 003:481.216   Data:  DB 6A 83 42 2E D2 01 23 1E 4A 18 46 13 60 F8 BD ...
T2CD8 003:481.238   completely In flash
T2CD8 003:481.254 - 0.081ms returns 0xBB0
T2CD8 003:481.822 JLINK_WriteMem(0x0000AE70, 0xBA0 Bytes, ...)
T2CD8 003:481.908   Data:  AD F1 08 0C 6D E9 04 CE 00 F0 06 F8 DD F8 04 E0 ...
T2CD8 003:481.979   completely In flash
T2CD8 003:481.996 - 0.173ms returns 0xBA0
T2CD8 003:482.486 JLINK_WriteMem(0x0000BA10, 0xB00 Bytes, ...)
T2CD8 003:482.508   Data:  F6 E7 16 46 BD E7 33 68 25 68 18 1D 61 69 30 60 ...
T2CD8 003:482.533   completely In flash
T2CD8 003:482.564 - 0.076ms returns 0xB00
T2CD8 003:483.275 JLINK_WriteMem(0x0000C510, 0xBE0 Bytes, ...)
T2CD8 003:483.307   Data:  2A 29 20 28 28 30 78 45 30 30 30 45 30 30 30 55 ...
T2CD8 003:483.334   completely In flash
T2CD8 003:483.356 - 0.081ms returns 0xBE0
T2CD8 003:483.636 JLINK_WriteMem(0x0000D0F0, 0x2A0 Bytes, ...)
T2CD8 003:483.659   Data:  00 FF FF FF 78 51 75 65 75 65 53 65 6D 61 70 68 ...
T2CD8 003:483.682   completely In flash
T2CD8 003:483.704 - 0.068ms returns 0x2A0
T2CD8 003:484.044 JLINK_WriteMem(0x0000D390, 0x164 Bytes, ...)
T2CD8 003:484.071   Data:  00 00 00 00 00 00 00 00 00 00 00 00 00 00 00 00 ...
T2CD8 003:484.740   completely In flash
T2CD8 003:484.766 - 0.721ms returns 0x164
T2CD8 003:487.871 JLINK_WriteMem(0x0100A100, 0x10 Bytes, ...)
T2CD8 003:487.905   Data:  FF FF FF FF FF FF FF FF FF FF FF FF FF FF FF FF
T2CD8 003:488.428   completely In flash
T2CD8 003:488.462 - 0.592ms returns 0x10
T2CD8 003:491.966 JLINK_WriteMem(0x0100A134, 0x4 Bytes, ...)
T2CD8 003:492.044   Data:  FF FF FF FF
T2CD8 003:492.098   completely In flash
T2CD8 003:492.126 - 0.160ms returns 0x4
T2CD8 003:493.272 JLINK_WriteMem(0x0100A200, 0xD0 Bytes, ...)
T2CD8 003:493.322   Data:  FF FD FF FF FF FF FF FF FF FF FF FF FF FF FF FF ...
T2CD8 003:493.349   completely In flash
T2CD8 003:493.370 - 0.099ms returns 0xD0
T2CD8 003:493.833 JLINK_ReadMem(0x20011B2C, 0x4 Bytes, ...)
T2CD8 003:494.621   CPU_ReadMem(4 bytes @ 0xE000ED90)
T2CD8 003:495.427   CPU_ReadMem(4 bytes @ 0xE000ED94)
T2CD8 003:496.379    -- --------------------------------------
T2CD8 003:496.428    -- Start of determining flash info (Bank @ 0x0100A100)
T2CD8 003:496.457    -- End of determining flash info
T2CD8 003:496.479    -- Start of determining dirty areas in flash cache
T2CD8 003:496.502    -- Filling invalid ranges in sector buffer (flash cache) for sector @ 0x0100A100 if necessary
T2CD8 003:496.709    -- Filling invalid ranges in sector buffer (flash cache) for sector @ 0x0100A130 if necessary
T2CD8 003:496.731    -- Filling invalid ranges in sector buffer (flash cache) for sector @ 0x0100A200 if necessary
T2CD8 003:496.752    -- Filling invalid ranges in sector buffer (flash cache) for sector @ 0x0100A210 if necessary
T2CD8 003:496.772    -- Filling invalid ranges in sector buffer (flash cache) for sector @ 0x0100A220 if necessary
T2CD8 003:496.870    -- Filling invalid ranges in sector buffer (flash cache) for sector @ 0x0100A230 if necessary
T2CD8 003:496.893    -- Filling invalid ranges in sector buffer (flash cache) for sector @ 0x0100A240 if necessary
T2CD8 003:496.914    -- Filling invalid ranges in sector buffer (flash cache) for sector @ 0x0100A250 if necessary
T2CD8 003:496.935    -- Filling invalid ranges in sector buffer (flash cache) for sector @ 0x0100A260 if necessary
T2CD8 003:496.956    -- Filling invalid ranges in sector buffer (flash cache) for sector @ 0x0100A270 if necessary
T2CD8 003:496.982    -- Filling invalid ranges in sector buffer (flash cache) for sector @ 0x0100A280 if necessary
T2CD8 003:497.003    -- Filling invalid ranges in sector buffer (flash cache) for sector @ 0x0100A290 if necessary
T2CD8 003:497.022    -- Filling invalid ranges in sector buffer (flash cache) for sector @ 0x0100A2A0 if necessary
T2CD8 003:497.042    -- Filling invalid ranges in sector buffer (flash cache) for sector @ 0x0100A2B0 if necessary
T2CD8 003:497.062    -- Filling invalid ranges in sector buffer (flash cache) for sector @ 0x0100A2C0 if necessary
T2CD8 003:497.080    -- End of determining dirty areas
T2CD8 003:497.099    -- Start of preparing flash programming
T2CD8 003:497.118    -- Preparing RAMCode
T2CD8 003:497.137    -- Calculating RAM usage
T2CD8 003:497.164    -- RAM usage = 5120 Bytes
T2CD8 003:497.181    -- Preserving CPU registers
T2CD8 003:497.280    -- Preparing memory
T2CD8 003:497.303    -- Determining CPU clock frequency
T2CD8 003:557.670    -- CPU frequency = 2075 kHz
T2CD8 003:557.726    -- Preparing target
T2CD8 003:557.751    -- Preserving target RAM temporarily used for programming
T2CD8 003:618.515    -- Downloading RAMCode
T2CD8 003:699.472    -- Initializing RAMCode (InitType: 3 = Verify)
T2CD8 003:699.516    -- Executing Init(3)
T2CD8 003:721.673    -- End of preparing flash programming
T2CD8 003:740.112   
  ***** Warning: 
T2CD8 003:740.190   CPU is running at low speed (2075 kHz).
T2CD8 003:740.216    -- CPU is running at 2075 kHz.
T2CD8 003:740.253    -- Start of comparing flash
T2CD8 003:740.276    -- Flash algorithm supports a native verify function which is used to compare the flash content.
T2CD8 003:815.862    -- Comparing range 0x100A100 - 0x100A10F (1 Sector, 16 Bytes), using verify function of the RAMCode
T2CD8 003:818.684    -- Data matches for sector 0
T2CD8 003:821.775    -- Comparing range 0x100A130 - 0x100A13F (1 Sector, 16 Bytes), using verify function of the RAMCode
T2CD8 003:824.699    -- Data matches for sector 3
T2CD8 003:825.905    -- Comparing range 0x100A200 - 0x100A2CF (13 Sectors, 208 Bytes), using verify function of the RAMCode
T2CD8 003:831.711    -- Data matches for sectors 16-28
T2CD8 003:831.754    -- End of comparing flash
T2CD8 003:831.772    -- Start of erasing sectors
T2CD8 003:831.788    -- End of erasing sectors
T2CD8 003:831.803    -- Start of flash programming
T2CD8 003:831.818    -- End of flash programming
T2CD8 003:831.834    -- Start of verifying flash
T2CD8 003:831.848    -- End of verifying flash
T2CD8 003:831.863    -- Start of restoring
T2CD8 003:831.879    -- Executing UnInit()
T2CD8 003:842.128    -- Restoring target memory
T2CD8 003:894.594    -- Restoring CPU registers
T2CD8 003:895.491    -- End of restoring
T2CD8 003:895.538    -- Bank 0 @ 0x0100A100: Skipped. Contents already match
T2CD8 003:895.555    -- Bank 0 @ 0x0100A100: Skipped. Contents already match
T2CD8 003:902.634    -- --------------------------------------
T2CD8 003:902.682    -- Flash bank @ 0x00000000: Default: L2 verify disabled because algorithm performs L1 verify
T2CD8 003:902.698    -- Start of determining dirty areas in flash cache
T2CD8 003:902.715    -- Filling invalid ranges in sector buffer (flash cache) for sector @ 0x00000000 if necessary
T2CD8 003:902.732    -- Filling invalid ranges in sector buffer (flash cache) for sector @ 0x00002000 if necessary
T2CD8 003:902.749    -- Filling invalid ranges in sector buffer (flash cache) for sector @ 0x00004000 if necessary
T2CD8 003:902.765    -- Filling invalid ranges in sector buffer (flash cache) for sector @ 0x00006000 if necessary
T2CD8 003:902.781    -- Filling invalid ranges in sector buffer (flash cache) for sector @ 0x00008000 if necessary
T2CD8 003:902.797    -- Filling invalid ranges in sector buffer (flash cache) for sector @ 0x0000A000 if necessary
T2CD8 003:902.813    -- Filling invalid ranges in sector buffer (flash cache) for sector @ 0x0000C000 if necessary
T2CD8 003:902.944    -- End of determining dirty areas
T2CD8 003:902.966    -- Start of preparing flash programming
T2CD8 003:902.996    -- Calculating RAM usage
T2CD8 003:903.292    -- RAM usage = 4500 Bytes
T2CD8 003:903.318    -- Preserving CPU registers
T2CD8 003:903.408    -- Determining CPU clock frequency
T2CD8 003:966.647    -- Preparing target
T2CD8 003:966.686    -- Preserving target RAM temporarily used for programming
T2CD8 004:019.688    -- Downloading RAMCode
T2CD8 004:067.650    -- Preparing RAMCode
T2CD8 004:092.315    -- CPU frequency = 100000 kHz
T2CD8 004:092.366    -- End of preparing flash programming
T2CD8 004:095.276    -- CPU is running at 100000 kHz.
T2CD8 004:095.317    -- Start of comparing flash
T2CD8 004:095.366    -- CRC check was estimated as fastest method
T2CD8 004:130.663    -- Comparing range 0x0000 - 0xDFFF (7 Sectors, 56 KB), using multi-block CRC calculation
T2CD8 004:155.268    -- All CRCs match
T2CD8 004:156.237    -- Comparing range 0x0000 - 0xDFFF (7 Sectors, 56 KB), using alternative multi-block CRC calculation
T2CD8 004:176.259    -- All CRCs match
T2CD8 004:176.340    -- End of comparing flash
T2CD8 004:176.366    -- Start of erasing sectors
T2CD8 004:176.416    -- End of erasing sectors
T2CD8 004:176.469    -- Start of flash programming
T2CD8 004:176.486    -- End of flash programming
T2CD8 004:176.511    -- Start of restoring
T2CD8 004:176.538    -- Restoring RAMCode
T2CD8 004:186.554    -- Restoring target memory
T2CD8 004:232.997    -- Restore target
T2CD8 004:233.055    -- Restoring CPU registers
T2CD8 004:233.999    -- End of restoring
T2CD8 004:234.032    -- Bank 1 @ 0x00000000: Skipped. Contents already match
T2CD8 004:234.047    -- Bank 1 @ 0x00000000: Skipped. Contents already match
T2CD8 004:260.354   CPU_ReadMem(4 bytes @ 0x20011B2C)
T2CD8 004:261.391   Data:  00 00 00 00
T2CD8 004:261.425 - 767.592ms returns 0
T2CD8 004:262.450 JLINK_ReadMem(0x20011C04, 0x4 Bytes, ...)
T2CD8 004:262.523   CPU_ReadMem(4 bytes @ 0x20011C04)
T2CD8 004:263.544   Data:  40 47 00 20
T2CD8 004:263.597 - 1.147ms returns 0
T2CD8 004:263.644 JLINK_ReadMem(0x00000000, 0x4 Bytes, ...)
T2CD8 004:263.661   CPU_ReadMem(64 bytes @ 0x00000000)
T2CD8 004:265.587    -- Updating C cache (64 bytes @ 0x00000000)
T2CD8 004:265.688    -- Read from C cache (4 bytes @ 0x00000000)
T2CD8 004:265.716   Data:  50 26 01 20
T2CD8 004:265.741 - 2.097ms returns 0
T2CD8 004:282.381 JLINK_EndDownload()
T2CD8 004:282.433 - 0.052ms returns 0 (0x0)
T2CD8 004:282.733 JLINK_WriteReg(R15 (PC), 0x00008A60)
T2CD8 004:282.776 - 0.043ms returns 0
T2CD8 004:282.799 JLINK_WriteReg(XPSR, 0x01000000)
T2CD8 004:282.818 - 0.019ms returns 0
T2CD8 004:282.848 JLINK_WriteMem(0x20011B2C, 0x4 Bytes, ...)
T2CD8 004:282.859   Data:  00 00 00 00
T2CD8 004:282.885   CPU_WriteMem(4 bytes @ 0x20011B2C)
T2CD8 004:283.839 - 0.990ms returns 0x4
T2CD8 004:284.514 JLINK_SetEndian(ARM_ENDIAN_LITTLE)
T2CD8 004:284.548 - 0.034ms returns 0
T2CD8 004:284.582 JLINK_ReadMem(0x20011B2C, 0x4 Bytes, ...)
T2CD8 004:284.611   CPU_ReadMem(4 bytes @ 0x20011B2C)
T2CD8 004:285.616   Data:  00 00 00 00
T2CD8 004:285.654 - 1.072ms returns 0
T2CD8 004:285.682 JLINK_ReadMem(0x20011C04, 0x4 Bytes, ...)
T2CD8 004:285.707   CPU_ReadMem(4 bytes @ 0x20011C04)
T2CD8 004:286.629   Data:  40 47 00 20
T2CD8 004:286.661 - 0.978ms returns 0
T2CD8 004:286.684 JLINK_ReadMem(0x00000000, 0x4 Bytes, ...)
T2CD8 004:286.697    -- Read from C cache (4 bytes @ 0x00000000)
T2CD8 004:286.712   Data:  50 26 01 20
T2CD8 004:286.725 - 0.041ms returns 0
T2CD8 004:317.161 JLINK_WriteMem(0x20011B2C, 0x4 Bytes, ...)
T2CD8 004:317.193   Data:  00 00 00 00
T2CD8 004:317.225   CPU_WriteMem(4 bytes @ 0x20011B2C)
T2CD8 004:318.212 - 1.050ms returns 0x4
T2CD8 004:320.119 JLINK_ReadMem(0x20011B2C, 0x4 Bytes, ...)
T2CD8 004:320.251   CPU_ReadMem(4 bytes @ 0x20011B2C)
T2CD8 004:321.257   Data:  00 00 00 00
T2CD8 004:321.357 - 1.238ms returns 0
T2CD8 004:321.405 JLINK_ReadMem(0x20011C04, 0x4 Bytes, ...)
T2CD8 004:321.447   CPU_ReadMem(4 bytes @ 0x20011C04)
T2CD8 004:322.347   Data:  40 47 00 20
T2CD8 004:322.406 - 1.001ms returns 0
T2CD8 004:322.454 JLINK_ReadMem(0x00000000, 0x4 Bytes, ...)
T2CD8 004:322.472    -- Read from C cache (4 bytes @ 0x00000000)
T2CD8 004:322.489   Data:  50 26 01 20
T2CD8 004:322.507 - 0.052ms returns 0
T2CD8 004:322.591 JLINK_ReadReg(XPSR)
T2CD8 004:322.611 - 0.019ms returns 0x01000000
T2CD8 004:322.638 JLINK_ReadMem(0x20011B2C, 0x4 Bytes, ...)
T2CD8 004:322.658   CPU_ReadMem(4 bytes @ 0x20011B2C)
T2CD8 004:323.571   Data:  00 00 00 00
T2CD8 004:323.597 - 0.959ms returns 0
T2CD8 004:323.617 JLINK_ReadMem(0x20011C04, 0x4 Bytes, ...)
T2CD8 004:323.634   CPU_ReadMem(4 bytes @ 0x20011C04)
T2CD8 004:324.563   Data:  40 47 00 20
T2CD8 004:324.599 - 0.982ms returns 0
T2CD8 004:324.625 JLINK_ReadMem(0x00000000, 0x4 Bytes, ...)
T2CD8 004:324.647    -- Read from C cache (4 bytes @ 0x00000000)
T2CD8 004:324.665   Data:  50 26 01 20
T2CD8 004:324.681 - 0.055ms returns 0
T2CD8 004:325.602 JLINK_ReadMem(0x00008A60, 0x4 Bytes, ...)
T2CD8 004:325.643   CPU_ReadMem(64 bytes @ 0x00008A40)
T2CD8 004:327.329    -- Updating C cache (64 bytes @ 0x00008A40)
T2CD8 004:327.360    -- Read from C cache (4 bytes @ 0x00008A60)
T2CD8 004:327.379   Data:  08 B5 00 F0
T2CD8 004:327.396 - 1.794ms returns 0
T2CD8 004:343.533 JLINK_ReadMem(0x20011B2C, 0x4 Bytes, ...)
T2CD8 004:343.582   CPU_ReadMem(4 bytes @ 0x20011B2C)
T2CD8 004:344.461   Data:  00 00 00 00
T2CD8 004:344.490 - 0.957ms returns 0
T2CD8 004:344.521 JLINK_ReadMem(0x20011C04, 0x4 Bytes, ...)
T2CD8 004:344.539   CPU_ReadMem(4 bytes @ 0x20011C04)
T2CD8 004:345.494   Data:  40 47 00 20
T2CD8 004:345.521 - 1.000ms returns 0
T2CD8 004:345.544 JLINK_ReadMem(0x00000000, 0x4 Bytes, ...)
T2CD8 004:345.558    -- Read from C cache (4 bytes @ 0x00000000)
T2CD8 004:345.574   Data:  50 26 01 20
T2CD8 004:345.589 - 0.045ms returns 0
T2CD8 004:345.652 JLINK_ReadReg(XPSR)
T2CD8 004:345.669 - 0.017ms returns 0x01000000
T2CD8 004:345.693 JLINK_ReadMem(0x20011B2C, 0x4 Bytes, ...)
T2CD8 004:345.707   CPU_ReadMem(4 bytes @ 0x20011B2C)
T2CD8 004:346.734   Data:  00 00 00 00
T2CD8 004:346.773 - 1.080ms returns 0
T2CD8 004:346.800 JLINK_ReadMem(0x20011C04, 0x4 Bytes, ...)
T2CD8 004:346.824   CPU_ReadMem(4 bytes @ 0x20011C04)
T2CD8 004:347.658   Data:  40 47 00 20
T2CD8 004:347.685 - 0.886ms returns 0
T2CD8 004:347.707 JLINK_ReadMem(0x00000000, 0x4 Bytes, ...)
T2CD8 004:347.722    -- Read from C cache (4 bytes @ 0x00000000)
T2CD8 004:347.737   Data:  50 26 01 20
T2CD8 004:347.752 - 0.044ms returns 0
T2CD8 004:348.683 JLINK_ReadMem(0x00008A60, 0x4 Bytes, ...)
T2CD8 004:348.719    -- Read from C cache (4 bytes @ 0x00008A60)
T2CD8 004:348.740   Data:  08 B5 00 F0
T2CD8 004:348.767 - 0.085ms returns 0
T2CD8 005:834.237 JLINK_GetNumBPUnits(Type = 0xFFFFFF00)
T2CD8 005:834.285 - 0.048ms returns 0x08
T2CD8 005:834.305 JLINK_GetNumWPUnits()
T2CD8 005:834.319 - 0.014ms returns 4
T2CD8 005:834.336 JLINK_GetNumWPUnits()
T2CD8 005:834.350 - 0.013ms returns 4
T2CD8 005:834.377 JLINK_GetNumBPUnits(Type = 0xFFFFFF00)
T2CD8 005:834.393 - 0.015ms returns 0x08
T2CD8 005:834.409 JLINK_GetNumWPUnits()
T2CD8 005:834.422 - 0.013ms returns 4
T2CD8 005:834.439 JLINK_GetNumWPUnits()
T2CD8 005:834.452 - 0.013ms returns 4
T2CD8 005:834.477 JLINK_GetNumBPUnits(Type = 0xFFFFFF00)
T2CD8 005:834.495 - 0.018ms returns 0x08
T2CD8 005:834.513 JLINK_GetNumWPUnits()
T2CD8 005:834.526 - 0.012ms returns 4
T2CD8 005:834.543 JLINK_GetNumWPUnits()
T2CD8 005:834.558 - 0.014ms returns 4
T2CD8 005:834.650 JLINK_SetBPEx(Addr = 0x000014EC, Type = 0xFFFFFF00)
T2CD8 005:834.697 - 0.047ms returns 0x00000001
T2CD8 005:834.734 JLINK_ClrBPEx(BPHandle = 0x00000001)
T2CD8 005:835.626 - 0.891ms returns 0x00
T2CD8 005:858.345 JLINK_ReadMem(0x000014EC, 0x2 Bytes, ...)
T2CD8 005:858.390   CPU_ReadMem(64 bytes @ 0x000014C0)
T2CD8 005:859.998    -- Updating C cache (64 bytes @ 0x000014C0)
T2CD8 005:860.021    -- Read from C cache (2 bytes @ 0x000014EC)
T2CD8 005:860.037   Data:  38 B5
T2CD8 005:860.053 - 1.708ms returns 0
T2CD8 005:860.692 JLINK_SetBPEx(Addr = 0x000014EC, Type = 0xFFFFFF00)
T2CD8 005:860.713 - 0.021ms returns 0x00000002
T2CD8 005:977.041 JLINK_ReadMem(0x20011B2C, 0x4 Bytes, ...)
T2CD8 005:977.107   CPU_ReadMem(4 bytes @ 0x20011B2C)
T2CD8 005:978.071   Data:  00 00 00 00
T2CD8 005:978.108 - 1.067ms returns 0
T2CD8 005:978.137 JLINK_ReadMem(0x20011C04, 0x4 Bytes, ...)
T2CD8 005:978.164   CPU_ReadMem(4 bytes @ 0x20011C04)
T2CD8 005:979.044   Data:  40 47 00 20
T2CD8 005:979.088 - 0.951ms returns 0
T2CD8 005:979.119 JLINK_ReadMem(0x00000000, 0x4 Bytes, ...)
T2CD8 005:979.140    -- Read from C cache (4 bytes @ 0x00000000)
T2CD8 005:979.164   Data:  50 26 01 20
T2CD8 005:979.189 - 0.070ms returns 0
T2CD8 005:979.947 JLINK_ReadMem(0x20011B2C, 0x4 Bytes, ...)
T2CD8 005:979.996   CPU_ReadMem(4 bytes @ 0x20011B2C)
T2CD8 005:980.948   Data:  00 00 00 00
T2CD8 005:980.999 - 1.052ms returns 0
T2CD8 005:981.030 JLINK_ReadMem(0x20011C04, 0x4 Bytes, ...)
T2CD8 005:981.059   CPU_ReadMem(4 bytes @ 0x20011C04)
T2CD8 005:981.887   Data:  40 47 00 20
T2CD8 005:981.917 - 0.887ms returns 0
T2CD8 005:981.944 JLINK_ReadMem(0x00000000, 0x4 Bytes, ...)
T2CD8 005:981.959    -- Read from C cache (4 bytes @ 0x00000000)
T2CD8 005:981.975   Data:  50 26 01 20
T2CD8 005:981.990 - 0.046ms returns 0
T2CD8 005:982.043 JLINK_ReadRegs(NumRegs = 22, Indexes: 0, 1, 2, 3, 4, 5, 6, 7, 8, 9, 10, 11, 12, 13, 14, 15, 16, 17, 18, 86, 87, 20)
T2CD8 005:982.085    -- R0=0x00, R1=0x00, R2=0x00, R3=0x00, R4=0x00, R5=0x00, R6=0x00, R7=0x00, R8=0x7385, R9=0x20001864, R10=0x1000, R11=0x01, R12=0x00, R13 (SP)=0x20012650, R14=0xFFFFFFFF, R15 (PC)=0x8A60, XPSR=0x1000000, MSP=0x20012650, PSP=0x00, MSPLIM=0x00, PSPLIM=0x00, CFBP=0x00
T2CD8 005:982.101 - 0.059ms returns 0x00
T2CD8 005:982.710 JLINK_ReadMem(0x20011B2C, 0x4 Bytes, ...)
T2CD8 005:982.759   CPU_ReadMem(4 bytes @ 0x20011B2C)
T2CD8 005:983.630   Data:  00 00 00 00
T2CD8 005:983.670 - 0.960ms returns 0
T2CD8 005:983.698 JLINK_ReadMem(0x20011C04, 0x4 Bytes, ...)
T2CD8 005:983.729   CPU_ReadMem(4 bytes @ 0x20011C04)
T2CD8 005:984.626   Data:  40 47 00 20
T2CD8 005:984.661 - 0.963ms returns 0
T2CD8 005:984.690 JLINK_ReadMem(0x00000000, 0x4 Bytes, ...)
T2CD8 005:984.709    -- Read from C cache (4 bytes @ 0x00000000)
T2CD8 005:984.728   Data:  50 26 01 20
T2CD8 005:984.747 - 0.057ms returns 0
T2CD8 005:984.837 JLINK_ReadReg(XPSR)
T2CD8 005:984.864 - 0.027ms returns 0x01000000
T2CD8 005:984.900 JLINK_ReadMem(0x20011B2C, 0x4 Bytes, ...)
T2CD8 005:984.921   CPU_ReadMem(4 bytes @ 0x20011B2C)
T2CD8 005:985.786   Data:  00 00 00 00
T2CD8 005:985.827 - 0.926ms returns 0
T2CD8 005:985.854 JLINK_ReadMem(0x20011C04, 0x4 Bytes, ...)
T2CD8 005:985.885   CPU_ReadMem(4 bytes @ 0x20011C04)
T2CD8 005:986.816   Data:  40 47 00 20
T2CD8 005:986.902 - 1.047ms returns 0
T2CD8 005:986.976 JLINK_ReadMem(0x00000000, 0x4 Bytes, ...)
T2CD8 005:987.012    -- Read from C cache (4 bytes @ 0x00000000)
T2CD8 005:987.038   Data:  50 26 01 20
T2CD8 005:987.065 - 0.088ms returns 0
T2CD8 005:988.334 JLINK_ReadMem(0x00008A60, 0x4 Bytes, ...)
T2CD8 005:988.430    -- Read from C cache (4 bytes @ 0x00008A60)
T2CD8 005:988.449   Data:  08 B5 00 F0
T2CD8 005:988.470 - 0.137ms returns 0
T4534 006:103.880 JLINK_GetNumBPUnits(Type = 0xFFFFFF00)
T4534 006:103.911 - 0.031ms returns 0x08
T4534 006:103.924 JLINK_GetNumWPUnits()
T4534 006:103.934 - 0.009ms returns 4
T4534 006:103.946 JLINK_GetNumWPUnits()
T4534 006:103.956 - 0.009ms returns 4
T4534 006:104.443 JLINK_GetNumBPUnits(Type = 0xFFFFFF00)
T4534 006:104.461 - 0.019ms returns 0x08
T4534 006:104.474 JLINK_GetNumWPUnits()
T4534 006:104.484 - 0.009ms returns 4
T4534 006:104.496 JLINK_GetNumWPUnits()
T4534 006:104.505 - 0.009ms returns 4
T4534 006:104.804 JLINK_GetNumBPUnits(Type = 0xFFFFFF00)
T4534 006:104.821 - 0.017ms returns 0x08
T4534 006:104.834 JLINK_GetNumWPUnits()
T4534 006:104.844 - 0.009ms returns 4
T4534 006:104.856 JLINK_GetNumWPUnits()
T4534 006:104.865 - 0.009ms returns 4
T4534 006:105.145 JLINK_GetNumBPUnits(Type = 0xFFFFFF00)
T4534 006:105.162 - 0.017ms returns 0x08
T4534 006:105.185 JLINK_GetNumWPUnits()
T4534 006:105.207 - 0.021ms returns 4
T4534 006:105.229 JLINK_GetNumWPUnits()
T4534 006:105.245 - 0.015ms returns 4
T4534 006:105.537 JLINK_GetNumBPUnits(Type = 0xFFFFFF00)
T4534 006:105.555 - 0.018ms returns 0x08
T4534 006:105.569 JLINK_GetNumWPUnits()
T4534 006:105.579 - 0.010ms returns 4
T4534 006:105.592 JLINK_GetNumWPUnits()
T4534 006:105.603 - 0.010ms returns 4
T4534 006:105.839 JLINK_GetNumBPUnits(Type = 0xFFFFFF00)
T4534 006:105.856 - 0.016ms returns 0x08
T4534 006:105.869 JLINK_GetNumWPUnits()
T4534 006:105.878 - 0.009ms returns 4
T4534 006:105.891 JLINK_GetNumWPUnits()
T4534 006:105.900 - 0.009ms returns 4
T4534 006:106.164 JLINK_GetNumBPUnits(Type = 0xFFFFFF00)
T4534 006:106.181 - 0.017ms returns 0x08
T4534 006:106.197 JLINK_GetNumWPUnits()
T4534 006:106.210 - 0.012ms returns 4
T4534 006:106.221 JLINK_GetNumWPUnits()
T4534 006:106.245 - 0.023ms returns 4
T4534 006:106.513 JLINK_GetNumBPUnits(Type = 0xFFFFFF00)
T4534 006:106.530 - 0.017ms returns 0x08
T4534 006:106.542 JLINK_GetNumWPUnits()
T4534 006:106.552 - 0.009ms returns 4
T4534 006:106.564 JLINK_GetNumWPUnits()
T4534 006:106.573 - 0.009ms returns 4
T4534 006:123.941 JLINK_ReadReg(XPSR)
T4534 006:123.987 - 0.047ms returns 0x01000000
T4534 006:124.003 JLINK_ReadReg(R15 (PC))
T4534 006:124.015 - 0.011ms returns 0x00008A60
T2CD8 006:414.464 JLINK_ReadMem(0x20011B2C, 0x4 Bytes, ...)
T2CD8 006:414.531   CPU_ReadMem(4 bytes @ 0x20011B2C)
T2CD8 006:415.490   Data:  00 00 00 00
T2CD8 006:415.520 - 1.057ms returns 0
T2CD8 006:415.557 JLINK_ReadMem(0x20011C04, 0x4 Bytes, ...)
T2CD8 006:415.575   CPU_ReadMem(4 bytes @ 0x20011C04)
T2CD8 006:416.450   Data:  40 47 00 20
T2CD8 006:416.473 - 0.915ms returns 0
T2CD8 006:416.491 JLINK_ReadMem(0x00000000, 0x4 Bytes, ...)
T2CD8 006:416.504    -- Read from C cache (4 bytes @ 0x00000000)
T2CD8 006:416.517   Data:  50 26 01 20
T2CD8 006:416.531 - 0.040ms returns 0
T2CD8 006:416.595 JLINK_ReadReg(XPSR)
T2CD8 006:417.485 - 0.889ms returns 0x01000000
T2CD8 006:417.541 JLINK_ReadMem(0x20011B2C, 0x4 Bytes, ...)
T2CD8 006:417.556   CPU_ReadMem(4 bytes @ 0x20011B2C)
T2CD8 006:418.453   Data:  00 00 00 00
T2CD8 006:418.473 - 0.932ms returns 0
T2CD8 006:418.488 JLINK_ReadMem(0x20011C04, 0x4 Bytes, ...)
T2CD8 006:418.501   CPU_ReadMem(4 bytes @ 0x20011C04)
T2CD8 006:419.593   Data:  40 47 00 20
T2CD8 006:419.612 - 1.124ms returns 0
T2CD8 006:419.627 JLINK_ReadMem(0x00000000, 0x4 Bytes, ...)
T2CD8 006:419.638    -- Read from C cache (4 bytes @ 0x00000000)
T2CD8 006:419.649   Data:  50 26 01 20
T2CD8 006:419.660 - 0.033ms returns 0
T2CD8 006:420.673 JLINK_ReadMem(0x00008A60, 0x4 Bytes, ...)
T2CD8 006:420.698    -- Read from C cache (4 bytes @ 0x00008A60)
T2CD8 006:420.728   Data:  08 B5 00 F0
T2CD8 006:420.742 - 0.069ms returns 0
T2CD8 008:550.682 JLINK_ReadMem(0x20011B2C, 0x4 Bytes, ...)
T2CD8 008:550.742   CPU_ReadMem(4 bytes @ 0x20011B2C)
T2CD8 008:551.547   Data:  00 00 00 00
T2CD8 008:551.572 - 0.891ms returns 0
T2CD8 008:551.592 JLINK_ReadMem(0x20011C04, 0x4 Bytes, ...)
T2CD8 008:551.609   CPU_ReadMem(4 bytes @ 0x20011C04)
T2CD8 008:552.392   Data:  40 47 00 20
T2CD8 008:552.414 - 0.822ms returns 0
T2CD8 008:552.436 JLINK_ReadMem(0x00000000, 0x4 Bytes, ...)
T2CD8 008:552.451    -- Read from C cache (4 bytes @ 0x00000000)
T2CD8 008:552.466   Data:  50 26 01 20
T2CD8 008:552.480 - 0.044ms returns 0
T2CD8 008:552.544 JLINK_ReadReg(XPSR)
T2CD8 008:553.396 - 0.851ms returns 0x01000000
T2CD8 008:553.427 JLINK_ReadMem(0x20011B2C, 0x4 Bytes, ...)
T2CD8 008:553.442   CPU_ReadMem(4 bytes @ 0x20011B2C)
T2CD8 008:554.331   Data:  00 00 00 00
T2CD8 008:554.351 - 0.924ms returns 0
T2CD8 008:554.368 JLINK_ReadMem(0x20011C04, 0x4 Bytes, ...)
T2CD8 008:554.382   CPU_ReadMem(4 bytes @ 0x20011C04)
T2CD8 008:555.218   Data:  40 47 00 20
T2CD8 008:555.237 - 0.869ms returns 0
T2CD8 008:555.258 JLINK_ReadMem(0x00000000, 0x4 Bytes, ...)
T2CD8 008:555.270    -- Read from C cache (4 bytes @ 0x00000000)
T2CD8 008:555.285   Data:  50 26 01 20
T2CD8 008:555.298 - 0.041ms returns 0
T2CD8 008:556.396 JLINK_ReadMem(0x20011B2C, 0x4 Bytes, ...)
T2CD8 008:556.427   CPU_ReadMem(4 bytes @ 0x20011B2C)
T2CD8 008:557.330   Data:  00 00 00 00
T2CD8 008:557.351 - 0.955ms returns 0
T2CD8 008:557.369 JLINK_ReadMem(0x20011C04, 0x4 Bytes, ...)
T2CD8 008:557.383   CPU_ReadMem(4 bytes @ 0x20011C04)
T2CD8 008:558.282   Data:  40 47 00 20
T2CD8 008:558.306 - 0.938ms returns 0
T2CD8 008:558.326 JLINK_ReadMem(0x00000000, 0x4 Bytes, ...)
T2CD8 008:558.341    -- Read from C cache (4 bytes @ 0x00000000)
T2CD8 008:558.356   Data:  50 26 01 20
T2CD8 008:558.370 - 0.044ms returns 0
T2CD8 008:558.429 JLINK_ReadReg(XPSR)
T2CD8 008:558.446 - 0.017ms returns 0x01000000
T2CD8 008:558.467 JLINK_ReadMem(0x20011B2C, 0x4 Bytes, ...)
T2CD8 008:558.485   CPU_ReadMem(4 bytes @ 0x20011B2C)
T2CD8 008:559.228   Data:  00 00 00 00
T2CD8 008:559.250 - 0.782ms returns 0
T2CD8 008:559.266 JLINK_ReadMem(0x20011C04, 0x4 Bytes, ...)
T2CD8 008:559.281   CPU_ReadMem(4 bytes @ 0x20011C04)
T2CD8 008:560.074   Data:  40 47 00 20
T2CD8 008:560.094 - 0.828ms returns 0
T2CD8 008:560.111 JLINK_ReadMem(0x00000000, 0x4 Bytes, ...)
T2CD8 008:560.124    -- Read from C cache (4 bytes @ 0x00000000)
T2CD8 008:560.138   Data:  50 26 01 20
T2CD8 008:560.153 - 0.041ms returns 0
T6100 015:844.208   JLINK_RTTERMINAL_Control(Cmd = JLINKARM_RTTERMINAL_CMD_START, CtrlBlockAddr = 0x200009AC)
T6100 015:844.264   - 0.047ms returns 0x00
T6100 015:846.619   JLINK_RTTERMINAL_Read(BufferIndex = 0, BufferSize = 0x00010000)
T6100 015:846.645   - 0.026ms returns 0
T20FC 015:870.813   CPU_ReadMem(24 bytes @ 0x200009AC)
T20FC 015:880.704   Periodic RTT: RTT CB verified. Started data handling
T20FC 015:887.650   CPU_ReadMem(32 bytes @ 0x0000BC34)
T6100 015:902.653   JLINK_RTTERMINAL_Read(BufferIndex = 0, BufferSize = 0x00010000)
T6100 015:902.690   - 0.036ms returns 0
T6100 015:964.445   JLINK_RTTERMINAL_Read(BufferIndex = 0, BufferSize = 0x00010000)
T6100 015:964.526   - 0.083ms returns 0
T6100 016:027.021   JLINK_RTTERMINAL_Read(BufferIndex = 0, BufferSize = 0x00010000)
T6100 016:027.099   - 0.079ms returns 0
T6100 016:089.827   JLINK_RTTERMINAL_Read(BufferIndex = 0, BufferSize = 0x00010000)
T6100 016:089.896   - 0.069ms returns 0
T6100 016:152.466   JLINK_RTTERMINAL_Read(BufferIndex = 0, BufferSize = 0x00010000)
T6100 016:152.555   - 0.090ms returns 0
T6100 016:214.610   JLINK_RTTERMINAL_Read(BufferIndex = 0, BufferSize = 0x00010000)
T6100 016:214.686   - 0.079ms returns 0
T6100 016:276.840   JLINK_RTTERMINAL_Read(BufferIndex = 0, BufferSize = 0x00010000)
T6100 016:276.912   - 0.073ms returns 0
T6100 016:339.280   JLINK_RTTERMINAL_Read(BufferIndex = 0, BufferSize = 0x00010000)
T6100 016:339.360   - 0.079ms returns 0
T6100 016:400.877   JLINK_RTTERMINAL_Read(BufferIndex = 0, BufferSize = 0x00010000)
T6100 016:400.941   - 0.065ms returns 0
T6100 016:462.576   JLINK_RTTERMINAL_Read(BufferIndex = 0, BufferSize = 0x00010000)
T6100 016:462.658   - 0.082ms returns 0
T6100 016:526.750   JLINK_RTTERMINAL_Read(BufferIndex = 0, BufferSize = 0x00010000)
T6100 016:526.782   - 0.033ms returns 0
T6100 016:587.656   JLINK_RTTERMINAL_Read(BufferIndex = 0, BufferSize = 0x00010000)
T6100 016:587.706   - 0.050ms returns 0
T6100 016:650.797   JLINK_RTTERMINAL_Read(BufferIndex = 0, BufferSize = 0x00010000)
T6100 016:650.853   - 0.057ms returns 0
T6100 016:711.939   JLINK_RTTERMINAL_Read(BufferIndex = 0, BufferSize = 0x00010000)
T6100 016:711.984   - 0.045ms returns 0
T6100 016:774.579   JLINK_RTTERMINAL_Read(BufferIndex = 0, BufferSize = 0x00010000)
T6100 016:774.619   - 0.041ms returns 0
T6100 016:838.608   JLINK_RTTERMINAL_Read(BufferIndex = 0, BufferSize = 0x00010000)
T6100 016:838.636   - 0.028ms returns 0
T6100 016:899.236   JLINK_RTTERMINAL_Read(BufferIndex = 0, BufferSize = 0x00010000)
T6100 016:899.270   - 0.036ms returns 0
T6100 016:962.252   JLINK_RTTERMINAL_Read(BufferIndex = 0, BufferSize = 0x00010000)
T6100 016:962.298   - 0.047ms returns 0
T6100 017:024.444   JLINK_RTTERMINAL_Read(BufferIndex = 0, BufferSize = 0x00010000)
T6100 017:024.502   - 0.057ms returns 0
T6100 017:086.786   JLINK_RTTERMINAL_Read(BufferIndex = 0, BufferSize = 0x00010000)
T6100 017:086.842   - 0.054ms returns 0
T2CD8 017:119.734 JLINK_ReadMem(0x20011B2C, 0x4 Bytes, ...)
T2CD8 017:119.794   CPU_ReadMem(4 bytes @ 0x20011B2C)
T2CD8 017:121.638   Data:  00 00 00 00
T2CD8 017:121.686 - 1.953ms returns 0
T2CD8 017:121.722 JLINK_ReadMem(0x20011C04, 0x4 Bytes, ...)
T2CD8 017:121.760   CPU_ReadMem(4 bytes @ 0x20011C04)
T2CD8 017:123.516   Data:  40 47 00 20
T2CD8 017:123.602 - 1.880ms returns 0
T2CD8 017:123.634 JLINK_ReadMem(0x00000000, 0x4 Bytes, ...)
T2CD8 017:123.652    -- Read from C cache (4 bytes @ 0x00000000)
T2CD8 017:123.674   Data:  50 26 01 20
T2CD8 017:123.700 - 0.066ms returns 0
T2CD8 017:123.754 JLINK_STRACE_Read(..., NumItems = 0x10000)
T2CD8 017:125.122 - 1.366ms NumItemsRead = 0x00
T2CD8 017:125.172 JLINK_IsHalted()
T2CD8 017:127.036 - 1.862ms returns TRUE
T2CD8 017:127.084 JLINK_STRACE_Read(..., NumItems = 0x10000)
T2CD8 017:127.102 - 0.018ms NumItemsRead = 0x00
T2CD8 017:127.136 JLINK_GoEx(MaxEmulInsts = 0, Flags = 0x01)
T2CD8 017:127.182   CPU_WriteMem(4 bytes @ 0xE0002000)
T2CD8 017:129.024   CPU_ReadMem(4 bytes @ 0xE0001000)
T2CD8 017:130.954   CPU_WriteMem(4 bytes @ 0xE0002008)
T2CD8 017:142.424   Memory map 'after startup completion point' is active
T2CD8 017:142.482 - 15.345ms
T6100 017:149.262   JLINK_RTTERMINAL_Read(BufferIndex = 0, BufferSize = 0x00010000)
T6100 017:149.304   - 0.041ms returns 0
T6100 017:211.584   JLINK_RTTERMINAL_Read(BufferIndex = 0, BufferSize = 0x00010000)
T6100 017:211.638   - 0.055ms returns 0
T2CD8 017:245.948 JLINK_IsHalted()
T2CD8 017:254.378 - 8.428ms returns TRUE
T2CD8 017:254.424 JLINK_ReadReg(XPSR)
T2CD8 017:254.448   CPU_ReadMem(4 bytes @ 0xE000EE08)
T2CD8 017:256.288 - 1.863ms returns 0x61000000
T2CD8 017:256.324 JLINK_ReadReg(R15 (PC))
T2CD8 017:256.346 - 0.022ms returns 0x000014EC
T2CD8 017:256.420 JLINK_ReadReg(XPSR)
T2CD8 017:256.440 - 0.020ms returns 0x61000000
T2CD8 017:256.452 JLINK_ReadReg(XPSR)
T2CD8 017:256.464 - 0.010ms returns 0x61000000
T2CD8 017:256.476 JLINK_ReadReg(R15 (PC))
T2CD8 017:256.484 - 0.009ms returns 0x000014EC
T2CD8 017:256.498 JLINK_ReadReg(XPSR)
T2CD8 017:256.508 - 0.009ms returns 0x61000000
T2CD8 017:256.518 JLINK_ReadReg(XPSR)
T2CD8 017:256.528 - 0.009ms returns 0x61000000
T2CD8 017:256.540 JLINK_ReadMem(0x000014EC, 0x1 Bytes, ...)
T2CD8 017:256.556   CPU_ReadMem(64 bytes @ 0x000014C0)
T2CD8 017:259.034    -- Updating C cache (64 bytes @ 0x000014C0)
T2CD8 017:259.094    -- Read from C cache (1 bytes @ 0x000014EC)
T2CD8 017:259.116   Data:  38
T2CD8 017:259.140 - 2.598ms returns 0
T2CD8 017:259.164 JLINK_IsHalted()
T2CD8 017:259.184 - 0.018ms returns TRUE
T2CD8 017:259.204 JLINK_ReadReg(XPSR)
T2CD8 017:259.244 - 0.038ms returns 0x61000000
T2CD8 017:259.262 JLINK_ReadReg(XPSR)
T2CD8 017:259.280 - 0.016ms returns 0x61000000
T2CD8 017:259.298 JLINK_ReadReg(R15 (PC))
T2CD8 017:259.314 - 0.015ms returns 0x000014EC
T2CD8 017:259.334 JLINK_ReadReg(XPSR)
T2CD8 017:259.350 - 0.016ms returns 0x61000000
T2CD8 017:259.368 JLINK_ReadReg(XPSR)
T2CD8 017:259.384 - 0.015ms returns 0x61000000
T2CD8 017:259.402 JLINK_ReadMem(0x000014EC, 0x1 Bytes, ...)
T2CD8 017:259.418    -- Read from C cache (1 bytes @ 0x000014EC)
T2CD8 017:259.438   Data:  38
T2CD8 017:259.460 - 0.057ms returns 0
T2CD8 017:259.620 JLINK_ReadMem(0x20011B2C, 0x4 Bytes, ...)
T2CD8 017:259.644   CPU_ReadMem(4 bytes @ 0x20011B2C)
T2CD8 017:261.208   Data:  00 00 00 00
T2CD8 017:261.244 - 1.622ms returns 0
T2CD8 017:261.268 JLINK_ReadMem(0x20011C04, 0x4 Bytes, ...)
T2CD8 017:261.290   CPU_ReadMem(4 bytes @ 0x20011C04)
T2CD8 017:263.200   Data:  00 00 00 00
T2CD8 017:263.226 - 1.958ms returns 0
T2CD8 017:263.244 JLINK_ReadMem(0x00000000, 0x4 Bytes, ...)
T2CD8 017:263.260   CPU_ReadMem(64 bytes @ 0x00000000)
T2CD8 017:265.980    -- Updating C cache (64 bytes @ 0x00000000)
T2CD8 017:266.002    -- Read from C cache (4 bytes @ 0x00000000)
T2CD8 017:266.016   Data:  50 26 01 20
T2CD8 017:266.032 - 2.786ms returns 0
T2CD8 017:266.748 JLINK_ReadMem(0x20011B2C, 0x4 Bytes, ...)
T2CD8 017:266.786   CPU_ReadMem(4 bytes @ 0x20011B2C)
T2CD8 017:268.596   Data:  00 00 00 00
T2CD8 017:268.620 - 1.872ms returns 0
T2CD8 017:268.638 JLINK_ReadMem(0x20011C04, 0x4 Bytes, ...)
T2CD8 017:268.654   CPU_ReadMem(4 bytes @ 0x20011C04)
T2CD8 017:269.424   Data:  00 00 00 00
T2CD8 017:269.444 - 0.807ms returns 0
T2CD8 017:269.464 JLINK_ReadMem(0x00000000, 0x4 Bytes, ...)
T2CD8 017:269.478    -- Read from C cache (4 bytes @ 0x00000000)
T2CD8 017:269.492   Data:  50 26 01 20
T2CD8 017:269.508 - 0.043ms returns 0
T2CD8 017:269.562 JLINK_ReadRegs(NumRegs = 22, Indexes: 0, 1, 2, 3, 4, 5, 6, 7, 8, 9, 10, 11, 12, 13, 14, 15, 16, 17, 18, 86, 87, 20)
T2CD8 017:269.662    -- R0=0x00, R1=0x11F, R2=0x00, R3=0x60, R4=0x00, R5=0x00, R6=0x00, R7=0x00, R8=0x7385, R9=0x20001864, R10=0x1000, R11=0x01, R12=0x40, R13 (SP)=0x20012648, R14=0x8A6B, R15 (PC)=0x14EC, XPSR=0x61000000, MSP=0x20012648, PSP=0x00, MSPLIM=0x20012250, PSPLIM=0x00, CFBP=0x00
T2CD8 017:269.682 - 0.120ms returns 0x00
T2CD8 017:270.316 JLINK_ReadMem(0x20011B2C, 0x4 Bytes, ...)
T2CD8 017:270.350   CPU_ReadMem(4 bytes @ 0x20011B2C)
T2CD8 017:271.296   Data:  00 00 00 00
T2CD8 017:271.328 - 1.013ms returns 0
T2CD8 017:271.356 JLINK_ReadMem(0x20011C04, 0x4 Bytes, ...)
T2CD8 017:271.378   CPU_ReadMem(4 bytes @ 0x20011C04)
T2CD8 017:273.238   Data:  00 00 00 00
T2CD8 017:273.290 - 1.935ms returns 0
T2CD8 017:273.316 JLINK_ReadMem(0x00000000, 0x4 Bytes, ...)
T2CD8 017:273.332    -- Read from C cache (4 bytes @ 0x00000000)
T2CD8 017:273.348   Data:  50 26 01 20
T2CD8 017:273.362 - 0.046ms returns 0
T2CD8 017:273.438 JLINK_ReadReg(XPSR)
T2CD8 017:273.460 - 0.020ms returns 0x61000000
T2CD8 017:273.494 JLINK_ReadMem(0x20011B2C, 0x4 Bytes, ...)
T2CD8 017:273.512   CPU_ReadMem(4 bytes @ 0x20011B2C)
T2CD8 017:275.216   Data:  00 00 00 00
T2CD8 017:275.254 - 1.758ms returns 0
T6100 017:275.298   JLINK_RTTERMINAL_Read(BufferIndex = 0, BufferSize = 0x00010000)
T6100 017:275.316   - 0.019ms returns 0
T2CD8 017:275.400 JLINK_ReadMem(0x20011C04, 0x4 Bytes, ...)
T2CD8 017:275.434   CPU_ReadMem(4 bytes @ 0x20011C04)
T2CD8 017:277.186   Data:  00 00 00 00
T2CD8 017:277.206 - 1.807ms returns 0
T2CD8 017:277.228 JLINK_ReadMem(0x00000000, 0x4 Bytes, ...)
T2CD8 017:277.244    -- Read from C cache (4 bytes @ 0x00000000)
T2CD8 017:277.258   Data:  50 26 01 20
T2CD8 017:277.270 - 0.041ms returns 0
T2CD8 017:279.028 JLINK_ReadMem(0x000014EC, 0x4 Bytes, ...)
T2CD8 017:279.052    -- Read from C cache (4 bytes @ 0x000014EC)
T2CD8 017:279.082   Data:  38 B5 00 23
T2CD8 017:279.096 - 0.068ms returns 0
T2CD8 017:280.142 JLINK_ClrBPEx(BPHandle = 0x00000002)
T2CD8 017:280.180 - 0.037ms returns 0x00
T2CD8 017:304.878 JLINK_ReadMem(0x000014EC, 0x4 Bytes, ...)
T2CD8 017:304.926    -- Read from C cache (4 bytes @ 0x000014EC)
T2CD8 017:304.948   Data:  38 B5 00 23
T2CD8 017:304.980 - 0.102ms returns 0
T6100 017:337.108   JLINK_RTTERMINAL_Read(BufferIndex = 0, BufferSize = 0x00010000)
T6100 017:337.156   - 0.046ms returns 0
T2CD8 017:381.996 JLINK_ReadMem(0x20011B2C, 0x4 Bytes, ...)
T2CD8 017:382.048   CPU_ReadMem(4 bytes @ 0x20011B2C)
T2CD8 017:383.338   Data:  00 00 00 00
T2CD8 017:383.368 - 1.370ms returns 0
T2CD8 017:383.394 JLINK_ReadMem(0x20011C04, 0x4 Bytes, ...)
T2CD8 017:383.418   CPU_ReadMem(4 bytes @ 0x20011C04)
T2CD8 017:385.292   Data:  00 00 00 00
T2CD8 017:385.316 - 1.924ms returns 0
T2CD8 017:385.338 JLINK_ReadMem(0x00000000, 0x4 Bytes, ...)
T2CD8 017:385.352    -- Read from C cache (4 bytes @ 0x00000000)
T2CD8 017:385.366   Data:  50 26 01 20
T2CD8 017:385.382 - 0.044ms returns 0
T2CD8 017:385.444 JLINK_ReadReg(XPSR)
T2CD8 017:385.460 - 0.016ms returns 0x61000000
T2CD8 017:385.496 JLINK_ReadMem(0x20011B2C, 0x4 Bytes, ...)
T2CD8 017:385.510   CPU_ReadMem(4 bytes @ 0x20011B2C)
T2CD8 017:387.300   Data:  00 00 00 00
T2CD8 017:387.338 - 1.841ms returns 0
T2CD8 017:387.364 JLINK_ReadMem(0x20011C04, 0x4 Bytes, ...)
T2CD8 017:387.390   CPU_ReadMem(4 bytes @ 0x20011C04)
T2CD8 017:389.330   Data:  00 00 00 00
T2CD8 017:389.380 - 2.015ms returns 0
T2CD8 017:389.412 JLINK_ReadMem(0x00000000, 0x4 Bytes, ...)
T2CD8 017:389.430    -- Read from C cache (4 bytes @ 0x00000000)
T2CD8 017:389.452   Data:  50 26 01 20
T2CD8 017:389.470 - 0.060ms returns 0
T2CD8 017:391.178 JLINK_ReadMem(0x20011B2C, 0x4 Bytes, ...)
T2CD8 017:391.272   CPU_ReadMem(4 bytes @ 0x20011B2C)
T2CD8 017:393.344   Data:  00 00 00 00
T2CD8 017:393.406 - 2.229ms returns 0
T2CD8 017:395.080 JLINK_ReadMem(0x20011C04, 0x4 Bytes, ...)
T2CD8 017:395.116   CPU_ReadMem(4 bytes @ 0x20011C04)
T2CD8 017:395.912   Data:  00 00 00 00
T2CD8 017:395.934 - 0.854ms returns 0
T2CD8 017:395.958 JLINK_ReadMem(0x00000000, 0x4 Bytes, ...)
T2CD8 017:395.974    -- Read from C cache (4 bytes @ 0x00000000)
T2CD8 017:395.988   Data:  50 26 01 20
T2CD8 017:396.004 - 0.046ms returns 0
T2CD8 017:396.074 JLINK_ReadReg(XPSR)
T2CD8 017:396.090 - 0.016ms returns 0x61000000
T2CD8 017:396.118 JLINK_ReadMem(0x20011B2C, 0x4 Bytes, ...)
T2CD8 017:396.132   CPU_ReadMem(4 bytes @ 0x20011B2C)
T2CD8 017:397.748   Data:  00 00 00 00
T2CD8 017:397.788 - 1.667ms returns 0
T6100 017:397.826   JLINK_RTTERMINAL_Read(BufferIndex = 0, BufferSize = 0x00010000)
T6100 017:397.848   - 0.022ms returns 0
T2CD8 017:397.916 JLINK_ReadMem(0x20011C04, 0x4 Bytes, ...)
T2CD8 017:397.946   CPU_ReadMem(4 bytes @ 0x20011C04)
T2CD8 017:398.748   Data:  00 00 00 00
T2CD8 017:398.772 - 0.859ms returns 0
T2CD8 017:398.822 JLINK_ReadMem(0x00000000, 0x4 Bytes, ...)
T2CD8 017:398.840    -- Read from C cache (4 bytes @ 0x00000000)
T2CD8 017:398.858   Data:  50 26 01 20
T2CD8 017:398.878 - 0.055ms returns 0
T6100 017:459.862   JLINK_RTTERMINAL_Read(BufferIndex = 0, BufferSize = 0x00010000)
T6100 017:459.904   - 0.042ms returns 0
T6100 017:522.242   JLINK_RTTERMINAL_Read(BufferIndex = 0, BufferSize = 0x00010000)
T6100 017:522.314   - 0.074ms returns 0
T6100 017:583.828   JLINK_RTTERMINAL_Read(BufferIndex = 0, BufferSize = 0x00010000)
T6100 017:583.862   - 0.035ms returns 0
T6100 017:646.372   JLINK_RTTERMINAL_Read(BufferIndex = 0, BufferSize = 0x00010000)
T6100 017:646.408   - 0.036ms returns 0
T6100 017:710.568   JLINK_RTTERMINAL_Read(BufferIndex = 0, BufferSize = 0x00010000)
T6100 017:710.628   - 0.061ms returns 0
T6100 017:774.308   JLINK_RTTERMINAL_Read(BufferIndex = 0, BufferSize = 0x00010000)
T6100 017:774.340   - 0.032ms returns 0
T2CD8 017:790.252 JLINK_ReadMem(0x20011B2C, 0x4 Bytes, ...)
T2CD8 017:790.320   CPU_ReadMem(4 bytes @ 0x20011B2C)
T2CD8 017:792.500   Data:  00 00 00 00
T2CD8 017:792.560 - 2.311ms returns 0
T2CD8 017:792.594 JLINK_ReadMem(0x20011C04, 0x4 Bytes, ...)
T2CD8 017:792.624   CPU_ReadMem(4 bytes @ 0x20011C04)
T2CD8 017:794.484   Data:  00 00 00 00
T2CD8 017:794.530 - 1.935ms returns 0
T2CD8 017:796.328 JLINK_ReadMem(0x00000000, 0x4 Bytes, ...)
T2CD8 017:796.374    -- Read from C cache (4 bytes @ 0x00000000)
T2CD8 017:796.396   Data:  50 26 01 20
T2CD8 017:796.418 - 0.090ms returns 0
T2CD8 017:796.460 JLINK_STRACE_Read(..., NumItems = 0x10000)
T2CD8 017:796.482 - 0.020ms NumItemsRead = 0x00
T2CD8 017:796.502 JLINK_IsHalted()
T2CD8 017:798.530 - 2.025ms returns TRUE
T2CD8 017:798.580 JLINK_STRACE_Read(..., NumItems = 0x10000)
T2CD8 017:798.600 - 0.018ms NumItemsRead = 0x00
T2CD8 017:798.620 JLINK_GoEx(MaxEmulInsts = 0, Flags = 0x01)
T2CD8 017:798.668   CPU_ReadMem(4 bytes @ 0xE0001000)
T2CD8 017:800.582   CPU_WriteMem(4 bytes @ 0xE0002008)
T2CD8 017:805.124 - 6.502ms
T6100 017:835.468   JLINK_RTTERMINAL_Read(BufferIndex = 0, BufferSize = 0x00010000)
T6100 017:835.518   - 0.050ms returns 689
T6100 017:835.740   JLINK_RTTERMINAL_Read(BufferIndex = 0, BufferSize = 0x00010000)
T6100 017:835.768   - 0.029ms returns 0
T6100 017:899.624   JLINK_RTTERMINAL_Read(BufferIndex = 0, BufferSize = 0x00010000)
T6100 017:899.658   - 0.035ms returns 0
T2CD8 017:902.862 JLINK_IsHalted()
T2CD8 017:904.004 - 1.142ms returns FALSE
T2CD8 017:904.026 JLINK_IsHalted()
T2CD8 017:905.868 - 1.843ms returns FALSE
T6100 017:961.586   JLINK_RTTERMINAL_Read(BufferIndex = 0, BufferSize = 0x00010000)
T6100 017:961.628   - 0.043ms returns 165
T6100 017:961.804   JLINK_RTTERMINAL_Read(BufferIndex = 0, BufferSize = 0x00010000)
T6100 017:961.832   - 0.028ms returns 0
T2CD8 018:011.996 JLINK_IsHalted()
T2CD8 018:013.108 - 1.110ms returns FALSE
T2CD8 018:013.176 JLINK_IsHalted()
T2CD8 018:014.948 - 1.768ms returns FALSE
T6100 018:023.852   JLINK_RTTERMINAL_Read(BufferIndex = 0, BufferSize = 0x00010000)
T6100 018:023.892   - 0.041ms returns 0
T6100 018:088.554   JLINK_RTTERMINAL_Read(BufferIndex = 0, BufferSize = 0x00010000)
T6100 018:088.598   - 0.045ms returns 0
T2CD8 018:124.988 JLINK_IsHalted()
T2CD8 018:126.842 - 1.854ms returns FALSE
T2CD8 018:126.874 JLINK_IsHalted()
T2CD8 018:128.696 - 1.821ms returns FALSE
T6100 018:147.884   JLINK_RTTERMINAL_Read(BufferIndex = 0, BufferSize = 0x00010000)
T6100 018:147.922   - 0.038ms returns 0
T6100 018:210.450   JLINK_RTTERMINAL_Read(BufferIndex = 0, BufferSize = 0x00010000)
T6100 018:210.488   - 0.038ms returns 0
T2CD8 018:230.558 JLINK_IsHalted()
T2CD8 018:232.204 - 1.642ms returns FALSE
T2CD8 018:232.236 JLINK_IsHalted()
T2CD8 018:234.066 - 1.827ms returns FALSE
T6100 018:273.264   JLINK_RTTERMINAL_Read(BufferIndex = 0, BufferSize = 0x00010000)
T6100 018:273.310   - 0.050ms returns 0
T4534 018:283.380 JLINK_ReadReg(XPSR)
T4534 018:285.012   CPU is running
T4534 018:285.046   
  ***** Error: 
T4534 018:285.060   Cannot read register 16 (XPSR) while CPU is running
T4534 018:285.076 - 1.697ms returns 0x00000000
T4534 018:285.094 JLINK_ReadReg(R15 (PC))
T4534 018:286.940   CPU is running
T4534 018:286.972   
  ***** Error: 
T4534 018:286.990   Cannot read register 15 (R15) while CPU is running
T4534 018:287.010 - 1.915ms returns 0x00000000
T6100 018:336.004   JLINK_RTTERMINAL_Read(BufferIndex = 0, BufferSize = 0x00010000)
T6100 018:336.052   - 0.049ms returns 0
T2CD8 018:339.554 JLINK_IsHalted()
T2CD8 018:340.412 - 0.857ms returns FALSE
T2CD8 018:340.438 JLINK_IsHalted()
T2CD8 018:342.272 - 1.832ms returns FALSE
T6100 018:398.044   JLINK_RTTERMINAL_Read(BufferIndex = 0, BufferSize = 0x00010000)
T6100 018:398.104   - 0.056ms returns 0
T2CD8 018:449.870 JLINK_IsHalted()
T2CD8 018:451.364 - 1.493ms returns FALSE
T2CD8 018:451.388 JLINK_IsHalted()
T2CD8 018:453.348 - 1.957ms returns FALSE
T6100 018:460.110   JLINK_RTTERMINAL_Read(BufferIndex = 0, BufferSize = 0x00010000)
T6100 018:460.148   - 0.037ms returns 0
T6100 018:523.520   JLINK_RTTERMINAL_Read(BufferIndex = 0, BufferSize = 0x00010000)
T6100 018:523.564   - 0.043ms returns 0
T2CD8 018:559.308 JLINK_IsHalted()
T2CD8 018:560.560 - 1.250ms returns FALSE
T2CD8 018:560.638 JLINK_IsHalted()
T2CD8 018:562.524 - 1.883ms returns FALSE
T6100 018:586.622   JLINK_RTTERMINAL_Read(BufferIndex = 0, BufferSize = 0x00010000)
T6100 018:586.714   - 0.092ms returns 0
T6100 018:650.676   JLINK_RTTERMINAL_Read(BufferIndex = 0, BufferSize = 0x00010000)
T6100 018:650.756   - 0.084ms returns 0
T2CD8 018:668.084 JLINK_IsHalted()
T2CD8 018:669.772 - 1.684ms returns FALSE
T2CD8 018:669.828 JLINK_IsHalted()
T2CD8 018:671.636 - 1.805ms returns FALSE
T6100 018:713.764   JLINK_RTTERMINAL_Read(BufferIndex = 0, BufferSize = 0x00010000)
T6100 018:713.818   - 0.054ms returns 0
T6100 018:776.668   JLINK_RTTERMINAL_Read(BufferIndex = 0, BufferSize = 0x00010000)
T6100 018:776.742   - 0.074ms returns 0
T2CD8 018:778.274 JLINK_IsHalted()
T2CD8 018:780.020 - 1.746ms returns FALSE
T2CD8 018:780.086 JLINK_IsHalted()
T2CD8 018:781.912 - 1.823ms returns FALSE
T6100 018:839.332   JLINK_RTTERMINAL_Read(BufferIndex = 0, BufferSize = 0x00010000)
T6100 018:839.404   - 0.071ms returns 0
T2CD8 018:888.130 JLINK_IsHalted()
T2CD8 018:890.004 - 1.874ms returns FALSE
T2CD8 018:890.054 JLINK_IsHalted()
T2CD8 018:891.882 - 1.824ms returns FALSE
T6100 018:901.972   JLINK_RTTERMINAL_Read(BufferIndex = 0, BufferSize = 0x00010000)
T6100 018:902.042   - 0.071ms returns 0
T6100 018:964.906   JLINK_RTTERMINAL_Read(BufferIndex = 0, BufferSize = 0x00010000)
T6100 018:964.980   - 0.074ms returns 0
T2CD8 018:996.840 JLINK_IsHalted()
T2CD8 018:999.204 - 2.362ms returns FALSE
T2CD8 018:999.260 JLINK_IsHalted()
T2CD8 019:001.342 - 2.079ms returns FALSE
T6100 019:028.508   JLINK_RTTERMINAL_Read(BufferIndex = 0, BufferSize = 0x00010000)
T6100 019:028.576   - 0.068ms returns 0
T6100 019:090.996   JLINK_RTTERMINAL_Read(BufferIndex = 0, BufferSize = 0x00010000)
T6100 019:091.106   - 0.109ms returns 0
T2CD8 019:106.054 JLINK_IsHalted()
T2CD8 019:107.102 - 1.046ms returns FALSE
T2CD8 019:107.148 JLINK_IsHalted()
T2CD8 019:108.992 - 1.841ms returns FALSE
T6100 019:152.838   JLINK_RTTERMINAL_Read(BufferIndex = 0, BufferSize = 0x00010000)
T6100 019:152.908   - 0.069ms returns 0
T2CD8 019:214.868 JLINK_IsHalted()
T2CD8 019:216.204 - 1.335ms returns FALSE
T6100 019:216.250   JLINK_RTTERMINAL_Read(BufferIndex = 0, BufferSize = 0x00010000)
T6100 019:216.276   - 0.024ms returns 0
T2CD8 019:216.388 JLINK_IsHalted()
T2CD8 019:218.112 - 1.724ms returns FALSE
T6100 019:280.300   JLINK_RTTERMINAL_Read(BufferIndex = 0, BufferSize = 0x00010000)
T6100 019:280.332   - 0.032ms returns 0
T4534 019:287.386 JLINK_IsHalted()
T4534 019:288.494 - 1.108ms returns FALSE
T4534 019:288.522 JLINK_IsHalted()
T4534 019:290.416 - 1.892ms returns FALSE
T4534 019:292.138 JLINK_IsHalted()
T4534 019:294.014 - 1.875ms returns FALSE
T4534 019:294.042 JLINK_IsHalted()
T4534 019:295.918 - 1.876ms returns FALSE
T2CD8 019:324.138 JLINK_IsHalted()
T2CD8 019:325.308 - 1.168ms returns FALSE
T2CD8 019:325.340 JLINK_IsHalted()
T2CD8 019:327.262 - 1.920ms returns FALSE
T6100 019:340.818   JLINK_RTTERMINAL_Read(BufferIndex = 0, BufferSize = 0x00010000)
T6100 019:340.850   - 0.031ms returns 0
T6100 019:404.264   JLINK_RTTERMINAL_Read(BufferIndex = 0, BufferSize = 0x00010000)
T6100 019:404.314   - 0.051ms returns 0
T2CD8 019:433.660 JLINK_IsHalted()
T2CD8 019:435.948 - 2.281ms returns FALSE
T2CD8 019:436.024 JLINK_IsHalted()
T2CD8 019:437.584 - 1.558ms returns FALSE
T6100 019:466.900   JLINK_RTTERMINAL_Read(BufferIndex = 0, BufferSize = 0x00010000)
T6100 019:466.948   - 0.048ms returns 0
T6100 019:528.824   JLINK_RTTERMINAL_Read(BufferIndex = 0, BufferSize = 0x00010000)
T6100 019:528.882   - 0.057ms returns 0
T2CD8 019:544.720 JLINK_IsHalted()
T2CD8 019:546.948 - 2.226ms returns FALSE
T2CD8 019:546.988 JLINK_IsHalted()
T2CD8 019:548.876 - 1.885ms returns FALSE
T6100 019:593.312   JLINK_RTTERMINAL_Read(BufferIndex = 0, BufferSize = 0x00010000)
T6100 019:593.354   - 0.042ms returns 0
T2CD8 019:652.616 JLINK_IsHalted()
T2CD8 019:654.226 - 1.608ms returns FALSE
T2CD8 019:654.276 JLINK_IsHalted()
T2CD8 019:656.096 - 1.819ms returns FALSE
T6100 019:656.146   JLINK_RTTERMINAL_Read(BufferIndex = 0, BufferSize = 0x00010000)
T6100 019:656.184   - 0.038ms returns 0
T6100 019:716.834   JLINK_RTTERMINAL_Read(BufferIndex = 0, BufferSize = 0x00010000)
T6100 019:716.902   - 0.069ms returns 0
T2CD8 019:762.998 JLINK_IsHalted()
T2CD8 019:764.482 - 1.481ms returns FALSE
T2CD8 019:764.564 JLINK_IsHalted()
T2CD8 019:766.716 - 2.147ms returns FALSE
T6100 019:779.604   JLINK_RTTERMINAL_Read(BufferIndex = 0, BufferSize = 0x00010000)
T6100 019:779.698   - 0.093ms returns 0
T6100 019:842.058   JLINK_RTTERMINAL_Read(BufferIndex = 0, BufferSize = 0x00010000)
T6100 019:842.152   - 0.096ms returns 0
T2CD8 019:873.022 JLINK_IsHalted()
T2CD8 019:874.830 - 1.807ms returns FALSE
T2CD8 019:874.860 JLINK_IsHalted()
T2CD8 019:877.122 - 2.258ms returns FALSE
T6100 019:904.564   JLINK_RTTERMINAL_Read(BufferIndex = 0, BufferSize = 0x00010000)
T6100 019:904.612   - 0.049ms returns 0
T6100 019:966.142   JLINK_RTTERMINAL_Read(BufferIndex = 0, BufferSize = 0x00010000)
T6100 019:966.196   - 0.052ms returns 0
T2CD8 019:984.618 JLINK_IsHalted()
T2CD8 019:986.568 - 1.949ms returns FALSE
T2CD8 019:986.608 JLINK_IsHalted()
T2CD8 019:988.492 - 1.882ms returns FALSE
T6100 020:027.614   JLINK_RTTERMINAL_Read(BufferIndex = 0, BufferSize = 0x00010000)
T6100 020:027.700   - 0.085ms returns 0
T6100 020:089.782   JLINK_RTTERMINAL_Read(BufferIndex = 0, BufferSize = 0x00010000)
T6100 020:089.860   - 0.074ms returns 0
T2CD8 020:091.148 JLINK_IsHalted()
T2CD8 020:093.180 - 2.031ms returns FALSE
T2CD8 020:093.260 JLINK_IsHalted()
T2CD8 020:095.082 - 1.820ms returns FALSE
T6100 020:151.018   JLINK_RTTERMINAL_Read(BufferIndex = 0, BufferSize = 0x00010000)
T6100 020:151.122   - 0.100ms returns 0
T2CD8 020:200.132 JLINK_IsHalted()
T2CD8 020:202.320 - 2.184ms returns FALSE
T2CD8 020:202.416 JLINK_IsHalted()
T2CD8 020:204.130 - 1.709ms returns FALSE
T6100 020:214.102   JLINK_RTTERMINAL_Read(BufferIndex = 0, BufferSize = 0x00010000)
T6100 020:214.192   - 0.092ms returns 0
T6100 020:277.084   JLINK_RTTERMINAL_Read(BufferIndex = 0, BufferSize = 0x00010000)
T6100 020:277.180   - 0.098ms returns 0
T4534 020:292.168 JLINK_IsHalted()
T4534 020:293.712 - 1.541ms returns FALSE
T4534 020:293.786 JLINK_IsHalted()
T4534 020:295.612 - 1.821ms returns FALSE
T2CD8 020:308.576 JLINK_IsHalted()
T2CD8 020:310.414 - 1.841ms returns FALSE
T2CD8 020:310.500 JLINK_IsHalted()
T2CD8 020:312.268 - 1.768ms returns FALSE
T6100 020:339.490   JLINK_RTTERMINAL_Read(BufferIndex = 0, BufferSize = 0x00010000)
T6100 020:339.566   - 0.075ms returns 0
T6100 020:402.256   JLINK_RTTERMINAL_Read(BufferIndex = 0, BufferSize = 0x00010000)
T6100 020:402.344   - 0.089ms returns 0
T2CD8 020:418.868 JLINK_IsHalted()
T2CD8 020:420.972 - 2.104ms returns FALSE
T2CD8 020:421.058 JLINK_IsHalted()
T2CD8 020:422.878 - 1.818ms returns FALSE
T2CD8 020:528.412 JLINK_IsHalted()
T2CD8 020:530.488 - 2.073ms returns FALSE
T2CD8 020:530.532 JLINK_IsHalted()
T2CD8 020:532.412 - 1.879ms returns FALSE
T2CD8 020:637.444 JLINK_IsHalted()
T2CD8 020:639.566 - 2.119ms returns FALSE
T2CD8 020:639.628 JLINK_IsHalted()
T2CD8 020:641.750 - 2.120ms returns FALSE
T2CD8 020:746.930 JLINK_IsHalted()
T2CD8 020:748.332 - 1.403ms returns FALSE
T2CD8 020:748.362 JLINK_IsHalted()
T2CD8 020:750.216 - 1.853ms returns FALSE
T2CD8 020:855.590 JLINK_IsHalted()
T2CD8 020:857.016 - 1.425ms returns FALSE
T2CD8 020:857.052 JLINK_IsHalted()
T2CD8 020:859.252 - 2.198ms returns FALSE
T2CD8 020:965.042 JLINK_IsHalted()
T2CD8 020:966.342 - 1.298ms returns FALSE
T2CD8 020:966.400 JLINK_IsHalted()
T2CD8 020:968.164 - 1.761ms returns FALSE
T2CD8 021:074.742 JLINK_IsHalted()
T2CD8 021:076.418 - 1.674ms returns FALSE
T2CD8 021:076.474 JLINK_IsHalted()
T2CD8 021:078.430 - 1.953ms returns FALSE
T2CD8 021:183.810 JLINK_IsHalted()
T2CD8 021:185.272 - 1.460ms returns FALSE
T2CD8 021:185.340 JLINK_IsHalted()
T2CD8 021:187.148 - 1.806ms returns FALSE
T2CD8 021:293.640 JLINK_IsHalted()
T2CD8 021:295.144 - 1.501ms returns FALSE
T2CD8 021:295.236 JLINK_IsHalted()
T2CD8 021:297.020 - 1.783ms returns FALSE
T4534 021:298.792 JLINK_IsHalted()
T4534 021:300.652 - 1.859ms returns FALSE
T4534 021:300.688 JLINK_IsHalted()
T4534 021:302.482 - 1.792ms returns FALSE
T2CD8 021:402.432 JLINK_IsHalted()
T2CD8 021:404.160 - 1.725ms returns FALSE
T2CD8 021:404.192 JLINK_IsHalted()
T2CD8 021:406.044 - 1.848ms returns FALSE
T2CD8 021:511.906 JLINK_IsHalted()
T2CD8 021:514.260 - 2.353ms returns FALSE
T2CD8 021:514.360 JLINK_IsHalted()
T2CD8 021:516.338 - 1.972ms returns FALSE
T2CD8 021:621.664 JLINK_IsHalted()
T2CD8 021:623.090 - 1.423ms returns FALSE
T2CD8 021:623.164 JLINK_IsHalted()
T2CD8 021:624.946 - 1.781ms returns FALSE
T2CD8 021:730.838 JLINK_IsHalted()
T2CD8 021:733.144 - 2.306ms returns FALSE
T2CD8 021:733.192 JLINK_IsHalted()
T2CD8 021:735.020 - 1.827ms returns FALSE
T2CD8 021:840.604 JLINK_IsHalted()
T2CD8 021:842.686 - 2.082ms returns FALSE
T2CD8 021:842.750 JLINK_IsHalted()
T2CD8 021:844.804 - 2.048ms returns FALSE
T2CD8 021:949.782 JLINK_IsHalted()
T2CD8 021:951.282 - 1.498ms returns FALSE
T2CD8 021:951.344 JLINK_IsHalted()
T2CD8 021:953.416 - 2.068ms returns FALSE
T2CD8 022:058.348 JLINK_IsHalted()
T2CD8 022:059.442 - 1.094ms returns FALSE
T2CD8 022:059.474 JLINK_IsHalted()
T2CD8 022:061.700 - 2.223ms returns FALSE
T2CD8 022:169.040 JLINK_IsHalted()
T2CD8 022:171.162 - 2.118ms returns FALSE
T2CD8 022:171.234 JLINK_IsHalted()
T2CD8 022:172.998 - 1.763ms returns FALSE
T2CD8 022:280.140 JLINK_IsHalted()
T2CD8 022:282.038 - 1.898ms returns FALSE
T2CD8 022:282.088 JLINK_IsHalted()
T2CD8 022:283.864 - 1.774ms returns FALSE
T4534 022:303.556 JLINK_IsHalted()
T4534 022:305.562 - 2.001ms returns FALSE
T4534 022:305.628 JLINK_IsHalted()
T4534 022:307.492 - 1.862ms returns FALSE
T2CD8 022:354.310 JLINK_IsHalted()
T2CD8 022:356.426 - 2.114ms returns FALSE
T2CD8 022:356.470 JLINK_IsHalted()
T2CD8 022:358.408 - 1.937ms returns FALSE
T2CD8 022:358.464 JLINK_IsHalted()
T2CD8 022:360.284 - 1.818ms returns FALSE
T2CD8 022:360.306 JLINK_IsHalted()
T2CD8 022:362.036 - 1.730ms returns FALSE
T2CD8 022:362.056 JLINK_Halt()
T2CD8 022:372.836 - 10.777ms returns 0x00
T2CD8 022:373.032 JLINK_IsHalted()
T2CD8 022:373.046 - 0.014ms returns TRUE
T2CD8 022:373.058 JLINK_ReadReg(XPSR)
T2CD8 022:373.070   CPU_ReadMem(4 bytes @ 0xE000EE08)
T2CD8 022:374.846 - 1.787ms returns 0x01000000
T2CD8 022:374.882 JLINK_ReadReg(R15 (PC))
T2CD8 022:374.896 - 0.014ms returns 0x00001782
T2CD8 022:374.912 JLINK_ReadReg(XPSR)
T2CD8 022:374.922 - 0.009ms returns 0x01000000
T2CD8 022:374.932 JLINK_ReadReg(XPSR)
T2CD8 022:374.942 - 0.009ms returns 0x01000000
T2CD8 022:374.952 JLINK_ReadReg(R15 (PC))
T2CD8 022:374.962 - 0.009ms returns 0x00001782
T2CD8 022:374.972 JLINK_ReadReg(XPSR)
T2CD8 022:374.980 - 0.009ms returns 0x01000000
T2CD8 022:374.992 JLINK_ReadReg(XPSR)
T2CD8 022:375.000 - 0.008ms returns 0x01000000
T2CD8 022:375.012 JLINK_ReadMem(0x00001782, 0x1 Bytes, ...)
T2CD8 022:375.026   CPU_ReadMem(64 bytes @ 0x00001780)
T2CD8 022:377.548    -- Updating C cache (64 bytes @ 0x00001780)
T2CD8 022:377.612    -- Read from C cache (1 bytes @ 0x00001782)
T2CD8 022:377.624   Data:  BF
T2CD8 022:377.636 - 2.624ms returns 0
T2CD8 022:377.652 JLINK_IsHalted()
T2CD8 022:377.662 - 0.010ms returns TRUE
T2CD8 022:377.676 JLINK_ReadReg(XPSR)
T2CD8 022:377.688 - 0.013ms returns 0x01000000
T2CD8 022:377.700 JLINK_ReadReg(XPSR)
T2CD8 022:377.708 - 0.008ms returns 0x01000000
T2CD8 022:377.718 JLINK_ReadReg(R15 (PC))
T2CD8 022:377.726 - 0.009ms returns 0x00001782
T2CD8 022:377.740 JLINK_ReadReg(XPSR)
T2CD8 022:377.748 - 0.008ms returns 0x01000000
T2CD8 022:377.758 JLINK_ReadReg(XPSR)
T2CD8 022:377.766 - 0.008ms returns 0x01000000
T2CD8 022:377.778 JLINK_ReadMem(0x00001782, 0x1 Bytes, ...)
T2CD8 022:377.788    -- Read from C cache (1 bytes @ 0x00001782)
T2CD8 022:377.798   Data:  BF
T2CD8 022:377.810 - 0.033ms returns 0
T2CD8 022:377.848 JLINK_ReadMem(0x20011B2C, 0x4 Bytes, ...)
T2CD8 022:377.860   CPU_ReadMem(4 bytes @ 0x20011B2C)
T2CD8 022:379.266   Data:  05 00 00 00
T2CD8 022:379.332 - 1.484ms returns 0
T2CD8 022:379.356 JLINK_ReadMem(0x20011C04, 0x4 Bytes, ...)
T2CD8 022:379.378   CPU_ReadMem(4 bytes @ 0x20011C04)
T2CD8 022:381.220   Data:  A8 13 00 20
T2CD8 022:381.290 - 1.932ms returns 0
T2CD8 022:381.312 JLINK_ReadMem(0x00000000, 0x4 Bytes, ...)
T2CD8 022:381.328   CPU_ReadMem(64 bytes @ 0x00000000)
T2CD8 022:383.556    -- Updating C cache (64 bytes @ 0x00000000)
T2CD8 022:383.588    -- Read from C cache (4 bytes @ 0x00000000)
T2CD8 022:383.626   Data:  50 26 01 20
T2CD8 022:383.652 - 2.339ms returns 0
T2CD8 022:383.686 JLINK_ReadMem(0x20011B20, 0x4 Bytes, ...)
T2CD8 022:383.748   CPU_ReadMem(4 bytes @ 0x20011B20)
T2CD8 022:385.580   Data:  01 00 00 00
T2CD8 022:385.634 - 1.946ms returns 0
T2CD8 022:387.102 JLINK_ReadMem(0x20011B2C, 0x4 Bytes, ...)
T2CD8 022:387.148   CPU_ReadMem(4 bytes @ 0x20011B2C)
T2CD8 022:389.012   Data:  05 00 00 00
T2CD8 022:389.070 - 1.951ms returns 0
T2CD8 022:389.092 JLINK_ReadMem(0x20011C04, 0x4 Bytes, ...)
T2CD8 022:389.124   CPU_ReadMem(4 bytes @ 0x20011C04)
T2CD8 022:391.228   Data:  A8 13 00 20
T2CD8 022:391.264 - 2.172ms returns 0
T2CD8 022:391.288 JLINK_ReadMem(0x00000000, 0x4 Bytes, ...)
T2CD8 022:391.302    -- Read from C cache (4 bytes @ 0x00000000)
T2CD8 022:391.316   Data:  50 26 01 20
T2CD8 022:391.330 - 0.041ms returns 0
T2CD8 022:391.342 JLINK_ReadMem(0x20011B20, 0x4 Bytes, ...)
T2CD8 022:391.360   CPU_ReadMem(4 bytes @ 0x20011B20)
T2CD8 022:393.128   Data:  01 00 00 00
T2CD8 022:393.194 - 1.851ms returns 0
T2CD8 022:393.250 JLINK_ReadRegs(NumRegs = 22, Indexes: 0, 1, 2, 3, 4, 5, 6, 7, 8, 9, 10, 11, 12, 13, 14, 15, 16, 17, 18, 86, 87, 20)
T2CD8 022:393.288    -- R0=0x4000, R1=0x00, R2=0x40000000, R3=0x4001E000, R4=0x20011B44, R5=0x20011B2C, R6=0x20011B48, R7=0x00, R8=0x10000000, R9=0xE000ED00, R10=0x20011BA0, R11=0x00, R12=0x11CE, R13 (SP)=0x20001390, R14=0x17EB, R15 (PC)=0x1782, XPSR=0x1000000, MSP=0x200125E0, PSP=0x20001390, MSPLIM=0x20012250, PSPLIM=0x200011D0, CFBP=0x2000001
T2CD8 022:393.308 - 0.059ms returns 0x00
T2CD8 022:398.428 JLINK_ReadMem(0x20011B2C, 0x4 Bytes, ...)
T2CD8 022:398.472   CPU_ReadMem(4 bytes @ 0x20011B2C)
T2CD8 022:400.552   Data:  05 00 00 00
T2CD8 022:400.602 - 2.174ms returns 0
T2CD8 022:400.626 JLINK_ReadMem(0x20011C04, 0x4 Bytes, ...)
T2CD8 022:400.644   CPU_ReadMem(4 bytes @ 0x20011C04)
T2CD8 022:402.368   Data:  A8 13 00 20
T2CD8 022:402.404 - 1.779ms returns 0
T2CD8 022:402.428 JLINK_ReadMem(0x00000000, 0x4 Bytes, ...)
T2CD8 022:402.444    -- Read from C cache (4 bytes @ 0x00000000)
T2CD8 022:402.458   Data:  50 26 01 20
T2CD8 022:402.470 - 0.041ms returns 0
T2CD8 022:402.484 JLINK_ReadMem(0x20011B20, 0x4 Bytes, ...)
T2CD8 022:402.502   CPU_ReadMem(4 bytes @ 0x20011B20)
T2CD8 022:404.228   Data:  01 00 00 00
T2CD8 022:404.264 - 1.777ms returns 0
T2CD8 022:404.334 JLINK_ReadReg(XPSR)
T2CD8 022:404.352 - 0.018ms returns 0x01000000
T2CD8 022:404.374 JLINK_ReadMem(0x20011B2C, 0x4 Bytes, ...)
T2CD8 022:404.390   CPU_ReadMem(4 bytes @ 0x20011B2C)
T2CD8 022:406.094   Data:  05 00 00 00
T2CD8 022:406.132 - 1.755ms returns 0
T2CD8 022:406.154 JLINK_ReadMem(0x20011C04, 0x4 Bytes, ...)
T2CD8 022:406.174   CPU_ReadMem(4 bytes @ 0x20011C04)
T2CD8 022:407.750   Data:  A8 13 00 20
T2CD8 022:407.786 - 1.631ms returns 0
T2CD8 022:407.810 JLINK_ReadMem(0x00000000, 0x4 Bytes, ...)
T2CD8 022:407.824    -- Read from C cache (4 bytes @ 0x00000000)
T2CD8 022:407.836   Data:  50 26 01 20
T2CD8 022:407.850 - 0.040ms returns 0
T2CD8 022:407.864 JLINK_ReadMem(0x20011B20, 0x4 Bytes, ...)
T2CD8 022:407.884   CPU_ReadMem(4 bytes @ 0x20011B20)
T2CD8 022:409.566   Data:  01 00 00 00
T2CD8 022:409.600 - 1.736ms returns 0
T2CD8 022:411.194 JLINK_ReadMem(0x00001782, 0x4 Bytes, ...)
T2CD8 022:411.236    -- Read from C cache (4 bytes @ 0x00001782)
T2CD8 022:411.250   Data:  BF F3 6F 8F
T2CD8 022:411.262 - 0.070ms returns 0
T2CD8 022:411.736 JLINK_ReadMem(0x000017EA, 0x4 Bytes, ...)
T2CD8 022:411.780   CPU_ReadMem(64 bytes @ 0x000017C0)
T2CD8 022:413.844    -- Updating C cache (64 bytes @ 0x000017C0)
T2CD8 022:413.870    -- Read from C cache (4 bytes @ 0x000017EA)
T2CD8 022:413.884   Data:  62 B6 BD E8
T2CD8 022:413.900 - 2.178ms returns 0
T2CD8 022:415.758 JLINK_ReadMem(0x20001380, 0x40 Bytes, ...)
T2CD8 022:415.804   CPU_ReadMem(64 bytes @ 0x20001380)
T2CD8 022:419.060   Data:  00 00 00 00 00 00 00 10 00 ED 00 E0 A0 1B 01 20 ...
T2CD8 022:419.106 - 3.346ms returns 0
T2CD8 022:426.460 JLINK_ReadMem(0x20011B2C, 0x4 Bytes, ...)
T2CD8 022:426.496   CPU_ReadMem(4 bytes @ 0x20011B2C)
T2CD8 022:427.568   Data:  05 00 00 00
T2CD8 022:427.606 - 1.147ms returns 0
T2CD8 022:427.632 JLINK_ReadMem(0x20011C04, 0x4 Bytes, ...)
T2CD8 022:427.760   CPU_ReadMem(4 bytes @ 0x20011C04)
T2CD8 022:429.472   Data:  A8 13 00 20
T2CD8 022:429.502 - 1.869ms returns 0
T2CD8 022:429.524 JLINK_ReadMem(0x00000000, 0x4 Bytes, ...)
T2CD8 022:429.540    -- Read from C cache (4 bytes @ 0x00000000)
T2CD8 022:429.554   Data:  50 26 01 20
T2CD8 022:429.568 - 0.042ms returns 0
T2CD8 022:429.582 JLINK_ReadMem(0x20011B20, 0x4 Bytes, ...)
T2CD8 022:429.600   CPU_ReadMem(4 bytes @ 0x20011B20)
T2CD8 022:431.348   Data:  01 00 00 00
T2CD8 022:431.372 - 1.791ms returns 0
T2CD8 022:447.998 JLINK_ReadMem(0x20011B2C, 0x4 Bytes, ...)
T2CD8 022:448.064   CPU_ReadMem(4 bytes @ 0x20011B2C)
T2CD8 022:449.308   Data:  05 00 00 00
T2CD8 022:449.330 - 1.332ms returns 0
T2CD8 022:449.348 JLINK_ReadMem(0x20011C04, 0x4 Bytes, ...)
T2CD8 022:449.360   CPU_ReadMem(4 bytes @ 0x20011C04)
T2CD8 022:451.224   Data:  A8 13 00 20
T2CD8 022:451.252 - 1.906ms returns 0
T2CD8 022:451.276 JLINK_ReadMem(0x00000000, 0x4 Bytes, ...)
T2CD8 022:451.288    -- Read from C cache (4 bytes @ 0x00000000)
T2CD8 022:451.304   Data:  50 26 01 20
T2CD8 022:451.318 - 0.043ms returns 0
T2CD8 022:451.332 JLINK_ReadMem(0x20011B20, 0x4 Bytes, ...)
T2CD8 022:451.350   CPU_ReadMem(4 bytes @ 0x20011B20)
T2CD8 022:453.036   Data:  01 00 00 00
T2CD8 022:453.056 - 1.723ms returns 0
T2CD8 022:453.108 JLINK_ReadReg(XPSR)
T2CD8 022:453.122 - 0.014ms returns 0x01000000
T2CD8 022:453.138 JLINK_ReadMem(0x20011B2C, 0x4 Bytes, ...)
T2CD8 022:453.148   CPU_ReadMem(4 bytes @ 0x20011B2C)
T2CD8 022:454.908   Data:  05 00 00 00
T2CD8 022:454.928 - 1.789ms returns 0
T2CD8 022:454.940 JLINK_ReadMem(0x20011C04, 0x4 Bytes, ...)
T2CD8 022:454.954   CPU_ReadMem(4 bytes @ 0x20011C04)
T2CD8 022:456.756   Data:  A8 13 00 20
T2CD8 022:456.772 - 1.831ms returns 0
T2CD8 022:456.790 JLINK_ReadMem(0x00000000, 0x4 Bytes, ...)
T2CD8 022:456.820    -- Read from C cache (4 bytes @ 0x00000000)
T2CD8 022:456.834   Data:  50 26 01 20
T2CD8 022:456.844 - 0.054ms returns 0
T2CD8 022:456.860 JLINK_ReadMem(0x20011B20, 0x4 Bytes, ...)
T2CD8 022:456.884   CPU_ReadMem(4 bytes @ 0x20011B20)
T2CD8 022:458.618   Data:  01 00 00 00
T2CD8 022:458.634 - 1.775ms returns 0
T2CD8 022:478.744 JLINK_ReadMem(0x20011B2C, 0x4 Bytes, ...)
T2CD8 022:478.820   CPU_ReadMem(4 bytes @ 0x20011B2C)
T2CD8 022:480.334   Data:  05 00 00 00
T2CD8 022:480.360 - 1.616ms returns 0
T2CD8 022:480.380 JLINK_ReadMem(0x20011C04, 0x4 Bytes, ...)
T2CD8 022:480.398   CPU_ReadMem(4 bytes @ 0x20011C04)
T2CD8 022:482.172   Data:  A8 13 00 20
T2CD8 022:482.194 - 1.813ms returns 0
T2CD8 022:482.214 JLINK_ReadMem(0x00000000, 0x4 Bytes, ...)
T2CD8 022:482.226    -- Read from C cache (4 bytes @ 0x00000000)
T2CD8 022:482.238   Data:  50 26 01 20
T2CD8 022:482.252 - 0.036ms returns 0
T2CD8 022:482.262 JLINK_ReadMem(0x20011B20, 0x4 Bytes, ...)
T2CD8 022:482.276   CPU_ReadMem(4 bytes @ 0x20011B20)
T2CD8 022:484.020   Data:  01 00 00 00
T2CD8 022:484.050 - 1.787ms returns 0
T2CD8 022:484.130 JLINK_ReadReg(XPSR)
T2CD8 022:484.150 - 0.019ms returns 0x01000000
T2CD8 022:485.770 JLINK_ReadMem(0x20011B2C, 0x4 Bytes, ...)
T2CD8 022:485.804   CPU_ReadMem(4 bytes @ 0x20011B2C)
T2CD8 022:487.610   Data:  05 00 00 00
T2CD8 022:487.652 - 1.882ms returns 0
T2CD8 022:487.676 JLINK_ReadMem(0x20011C04, 0x4 Bytes, ...)
T2CD8 022:487.694   CPU_ReadMem(4 bytes @ 0x20011C04)
T2CD8 022:489.468   Data:  A8 13 00 20
T2CD8 022:489.500 - 1.825ms returns 0
T2CD8 022:489.526 JLINK_ReadMem(0x00000000, 0x4 Bytes, ...)
T2CD8 022:489.542    -- Read from C cache (4 bytes @ 0x00000000)
T2CD8 022:489.558   Data:  50 26 01 20
T2CD8 022:489.584 - 0.056ms returns 0
T2CD8 022:489.612 JLINK_ReadMem(0x20011B20, 0x4 Bytes, ...)
T2CD8 022:489.630   CPU_ReadMem(4 bytes @ 0x20011B20)
T2CD8 022:491.316   Data:  01 00 00 00
T2CD8 022:491.338 - 1.726ms returns 0
T2CD8 022:492.900 JLINK_ReadMem(0x20011B2C, 0x4 Bytes, ...)
T2CD8 022:492.948   CPU_ReadMem(4 bytes @ 0x20011B2C)
T2CD8 022:494.432   Data:  05 00 00 00
T2CD8 022:494.476 - 1.578ms returns 0
T2CD8 022:494.498 JLINK_ReadMem(0x20011C04, 0x4 Bytes, ...)
T2CD8 022:494.516   CPU_ReadMem(4 bytes @ 0x20011C04)
T2CD8 022:496.352   Data:  A8 13 00 20
T2CD8 022:496.372 - 1.873ms returns 0
T2CD8 022:496.388 JLINK_ReadMem(0x00000000, 0x4 Bytes, ...)
T2CD8 022:496.420    -- Read from C cache (4 bytes @ 0x00000000)
T2CD8 022:496.470   Data:  50 26 01 20
T2CD8 022:496.508 - 0.121ms returns 0
T2CD8 022:496.548 JLINK_ReadMem(0x20011B20, 0x4 Bytes, ...)
T2CD8 022:496.566   CPU_ReadMem(4 bytes @ 0x20011B20)
T2CD8 022:498.150   Data:  01 00 00 00
T2CD8 022:498.188 - 1.660ms returns 0
T2CD8 022:499.892 JLINK_ReadReg(XPSR)
T2CD8 022:499.924 - 0.030ms returns 0x01000000
T2CD8 022:499.950 JLINK_ReadMem(0x20011B2C, 0x4 Bytes, ...)
T2CD8 022:499.964   CPU_ReadMem(4 bytes @ 0x20011B2C)
T2CD8 022:501.734   Data:  05 00 00 00
T2CD8 022:501.770 - 1.819ms returns 0
T2CD8 022:501.802 JLINK_ReadMem(0x20011C04, 0x4 Bytes, ...)
T2CD8 022:501.822   CPU_ReadMem(4 bytes @ 0x20011C04)
T2CD8 022:503.586   Data:  A8 13 00 20
T2CD8 022:503.608 - 1.805ms returns 0
T2CD8 022:503.646 JLINK_ReadMem(0x00000000, 0x4 Bytes, ...)
T2CD8 022:503.660    -- Read from C cache (4 bytes @ 0x00000000)
T2CD8 022:503.674   Data:  50 26 01 20
T2CD8 022:503.688 - 0.043ms returns 0
T2CD8 022:503.702 JLINK_ReadMem(0x20011B20, 0x4 Bytes, ...)
T2CD8 022:503.722   CPU_ReadMem(4 bytes @ 0x20011B20)
T2CD8 022:505.468   Data:  01 00 00 00
T2CD8 022:505.492 - 1.788ms returns 0
T48C0 022:947.116 JLINK_Halt()
T48C0 022:948.514 - 1.397ms returns 0x00
T48C0 022:948.552 JLINK_ReadReg(XPSR)
T48C0 022:948.574 - 0.022ms returns 0x01000000
T48C0 022:959.332 JLINK_Close()
T48C0 022:974.836 - 15.503ms
T48C0 022:974.868   
T48C0 022:974.884   Closed
